{
  "C:\\Users\\cassi\\Desktop\\dev\\vue-exam\\src\\assets\\fonts.js": {
    "path": "C:\\Users\\cassi\\Desktop\\dev\\vue-exam\\src\\assets\\fonts.js",
    "statementMap": {},
    "fnMap": {},
    "branchMap": {},
    "s": {},
    "f": {},
    "b": {},
    "_coverageSchema": "1a1c01bbd47fc00a2c39e90264f33305004495a9",
    "hash": "38379bb1888421a000f74817ce29cfc0cb8989b6"
  },
  "C:\\Users\\cassi\\Desktop\\dev\\vue-exam\\src\\assets\\icons.js": {
    "path": "C:\\Users\\cassi\\Desktop\\dev\\vue-exam\\src\\assets\\icons.js",
    "statementMap": {
      "0": {
        "start": {
          "line": 10,
          "column": 0
        },
        "end": {
          "line": 15,
          "column": 1
        }
      }
    },
    "fnMap": {},
    "branchMap": {},
    "s": {
      "0": 20
    },
    "f": {},
    "b": {},
    "_coverageSchema": "1a1c01bbd47fc00a2c39e90264f33305004495a9",
    "hash": "7aed2ff2d41dbfab8ab332836a986341cd4f7ff5"
  },
  "C:\\Users\\cassi\\Desktop\\dev\\vue-exam\\src\\views\\News.vue": {
    "path": "C:\\Users\\cassi\\Desktop\\dev\\vue-exam\\src\\views\\News.vue",
    "statementMap": {
      "0": {
        "start": {
          "line": 28,
          "column": 4
        },
        "end": {
          "line": 28,
          "column": 15
        }
      },
      "1": {
        "start": {
          "line": 30,
          "column": 4
        },
        "end": {
          "line": 34,
          "column": 5
        }
      },
      "2": {
        "start": {
          "line": 31,
          "column": 12
        },
        "end": {
          "line": 31,
          "column": 36
        }
      },
      "3": {
        "start": {
          "line": 32,
          "column": 17
        },
        "end": {
          "line": 32,
          "column": 48
        }
      },
      "4": {
        "start": {
          "line": 36,
          "column": 4
        },
        "end": {
          "line": 49,
          "column": 5
        }
      },
      "5": {
        "start": {
          "line": 37,
          "column": 12
        },
        "end": {
          "line": 37,
          "column": 47
        }
      },
      "6": {
        "start": {
          "line": 39,
          "column": 8
        },
        "end": {
          "line": 47,
          "column": 9
        }
      },
      "7": {
        "start": {
          "line": 40,
          "column": 10
        },
        "end": {
          "line": 46,
          "column": 11
        }
      },
      "8": {
        "start": {
          "line": 41,
          "column": 12
        },
        "end": {
          "line": 41,
          "column": 53
        }
      },
      "9": {
        "start": {
          "line": 42,
          "column": 12
        },
        "end": {
          "line": 42,
          "column": 58
        }
      },
      "10": {
        "start": {
          "line": 44,
          "column": 12
        },
        "end": {
          "line": 44,
          "column": 33
        }
      },
      "11": {
        "start": {
          "line": 45,
          "column": 12
        },
        "end": {
          "line": 45,
          "column": 38
        }
      }
    },
    "fnMap": {
      "0": {
        "name": "(anonymous_0)",
        "decl": {
          "start": {
            "line": 27,
            "column": 2
          },
          "end": {
            "line": 27,
            "column": 3
          }
        },
        "loc": {
          "start": {
            "line": 27,
            "column": 13
          },
          "end": {
            "line": 50,
            "column": 3
          }
        },
        "line": 27
      },
      "1": {
        "name": "(anonymous_1)",
        "decl": {
          "start": {
            "line": 31,
            "column": 6
          },
          "end": {
            "line": 31,
            "column": 7
          }
        },
        "loc": {
          "start": {
            "line": 31,
            "column": 12
          },
          "end": {
            "line": 31,
            "column": 36
          }
        },
        "line": 31
      },
      "2": {
        "name": "(anonymous_2)",
        "decl": {
          "start": {
            "line": 32,
            "column": 6
          },
          "end": {
            "line": 32,
            "column": 7
          }
        },
        "loc": {
          "start": {
            "line": 32,
            "column": 17
          },
          "end": {
            "line": 32,
            "column": 48
          }
        },
        "line": 32
      },
      "3": {
        "name": "(anonymous_3)",
        "decl": {
          "start": {
            "line": 37,
            "column": 6
          },
          "end": {
            "line": 37,
            "column": 7
          }
        },
        "loc": {
          "start": {
            "line": 37,
            "column": 12
          },
          "end": {
            "line": 37,
            "column": 47
          }
        },
        "line": 37
      },
      "4": {
        "name": "(anonymous_4)",
        "decl": {
          "start": {
            "line": 38,
            "column": 6
          },
          "end": {
            "line": 38,
            "column": 7
          }
        },
        "loc": {
          "start": {
            "line": 38,
            "column": 12
          },
          "end": {
            "line": 48,
            "column": 7
          }
        },
        "line": 38
      }
    },
    "branchMap": {
      "0": {
        "loc": {
          "start": {
            "line": 39,
            "column": 8
          },
          "end": {
            "line": 47,
            "column": 9
          }
        },
        "type": "if",
        "locations": [
          {
            "start": {
              "line": 39,
              "column": 8
            },
            "end": {
              "line": 47,
              "column": 9
            }
          },
          {
            "start": {
              "line": 39,
              "column": 8
            },
            "end": {
              "line": 47,
              "column": 9
            }
          }
        ],
        "line": 39
      },
      "1": {
        "loc": {
          "start": {
            "line": 39,
            "column": 12
          },
          "end": {
            "line": 39,
            "column": 73
          }
        },
        "type": "binary-expr",
        "locations": [
          {
            "start": {
              "line": 39,
              "column": 12
            },
            "end": {
              "line": 39,
              "column": 26
            }
          },
          {
            "start": {
              "line": 39,
              "column": 30
            },
            "end": {
              "line": 39,
              "column": 73
            }
          }
        ],
        "line": 39
      },
      "2": {
        "loc": {
          "start": {
            "line": 39,
            "column": 45
          },
          "end": {
            "line": 39,
            "column": 72
          }
        },
        "type": "binary-expr",
        "locations": [
          {
            "start": {
              "line": 39,
              "column": 45
            },
            "end": {
              "line": 39,
              "column": 63
            }
          },
          {
            "start": {
              "line": 39,
              "column": 67
            },
            "end": {
              "line": 39,
              "column": 72
            }
          }
        ],
        "line": 39
      },
      "3": {
        "loc": {
          "start": {
            "line": 40,
            "column": 10
          },
          "end": {
            "line": 46,
            "column": 11
          }
        },
        "type": "if",
        "locations": [
          {
            "start": {
              "line": 40,
              "column": 10
            },
            "end": {
              "line": 46,
              "column": 11
            }
          },
          {
            "start": {
              "line": 40,
              "column": 10
            },
            "end": {
              "line": 46,
              "column": 11
            }
          }
        ],
        "line": 40
      }
    },
    "s": {
      "0": 20,
      "1": 20,
      "2": 23,
      "3": 23,
      "4": 20,
      "5": 42,
      "6": 42,
      "7": 22,
      "8": 4,
      "9": 4,
      "10": 18,
      "11": 18
    },
    "f": {
      "0": 20,
      "1": 23,
      "2": 23,
      "3": 42,
      "4": 42
    },
    "b": {
      "0": [
        22,
        20
      ],
      "1": [
        42,
        22
      ],
      "2": [
        22,
        18
      ],
      "3": [
        4,
        18
      ]
    },
    "inputSourceMap": {
      "version": 3,
      "sources": [
        "C:\\Users\\cassi\\Desktop\\dev\\vue-exam\\src\\views\\News.vue"
      ],
      "names": [],
      "mappings": ";;AAoBA,CAAC,CAAC,CAAC,CAAC,CAAC,EAAE,EAAE,CAAC,CAAC,CAAC,CAAC,CAAC,CAAC,CAAC,CAAC,CAAC,CAAC,EAAE,CAAC,CAAC,CAAC,CAAC,CAAC,CAAC,CAAC,EAAE,EAAE,CAAC,CAAC,CAAC,EAAE,CAAC,CAAC,CAAC,CAAC,CAAC;;AAE1C,CAAC,CAAC,CAAC,CAAC,CAAC,EAAE,CAAC,CAAC,CAAC,CAAC,CAAC,CAAC,CAAC,CAAC,CAAC,CAAC,CAAC,EAAE,CAAC,CAAC,CAAC,EAAE,CAAC,CAAC,CAAC,CAAC,CAAC,CAAC,CAAC,CAAC,CAAC,CAAC,CAAC,CAAC,CAAC,CAAC,CAAC,CAAC,CAAC,CAAC,CAAC,CAAC,CAAC,CAAC,CAAC,CAAC,CAAC,CAAC,CAAC,CAAC,CAAC,CAAC,CAAC,CAAC,CAAC,CAAC,CAAC,CAAC;AAC7D,CAAC,CAAC,CAAC,CAAC,CAAC,EAAE,CAAC,CAAC,CAAC,CAAC,CAAC,CAAC,CAAC,CAAC,CAAC,CAAC,CAAC,CAAC,CAAC,CAAC,CAAC,CAAC,CAAC,CAAC,CAAC,CAAC,EAAE,CAAC,CAAC,CAAC,EAAE,CAAC,CAAC,CAAC,CAAC,CAAC,CAAC,CAAC,CAAC,CAAC,CAAC,CAAC,CAAC,CAAC,CAAC,CAAC,CAAC,CAAC,CAAC,CAAC,CAAC,CAAC,CAAC,CAAC,CAAC,CAAC,CAAC,CAAC,CAAC,CAAC,CAAC,CAAC,CAAC,CAAC,CAAC,CAAC,CAAC,CAAC,CAAC,CAAC,CAAC,CAAC,CAAC,CAAC,CAAC,CAAC,CAAC,CAAC,CAAC,CAAC;AACnF,CAAC,CAAC,CAAC,CAAC,CAAC,EAAE,CAAC,CAAC,CAAC,CAAC,CAAC,CAAC,CAAC,CAAC,CAAC,EAAE,CAAC,CAAC,CAAC,EAAE,CAAC,CAAC,CAAC,CAAC,CAAC,CAAC,CAAC,CAAC,CAAC,CAAC,CAAC,CAAC,CAAC,CAAC,CAAC,CAAC,CAAC,CAAC,CAAC,CAAC,CAAC,CAAC,CAAC,CAAC,CAAC,CAAC,CAAC,CAAC,CAAC,CAAC,CAAC,CAAC,CAAC,CAAC,CAAC,CAAC,CAAC,CAAC;AAC7D,CAAC,CAAC,CAAC,CAAC,CAAC,EAAE,CAAC,CAAC,CAAC,CAAC,CAAC,CAAC,CAAC,CAAC,CAAC,CAAC,EAAE,CAAC,CAAC,CAAC,EAAE,CAAC,CAAC,CAAC,CAAC,CAAC,CAAC,CAAC,CAAC,CAAC,CAAC,CAAC,CAAC,CAAC,CAAC,CAAC,CAAC,CAAC,CAAC,CAAC,CAAC,CAAC,CAAC,CAAC,CAAC,CAAC,CAAC,CAAC,CAAC,CAAC,CAAC,CAAC,CAAC,CAAC,CAAC,CAAC,CAAC,CAAC,CAAC,CAAC;AAC/D,CAAC,CAAC,CAAC,CAAC,CAAC,EAAE,CAAC,CAAC,CAAC,CAAC,CAAC,CAAC,CAAC,CAAC,CAAC,CAAC,EAAE,CAAC,CAAC,CAAC,EAAE,CAAC,CAAC,CAAC,CAAC,CAAC,CAAC,CAAC,CAAC,CAAC,CAAC,CAAC,CAAC,CAAC,CAAC,CAAC,CAAC,CAAC,CAAC,CAAC,CAAC,CAAC,CAAC,CAAC,CAAC,CAAC,CAAC,CAAC,CAAC,CAAC,CAAC,CAAC,CAAC,CAAC,CAAC,CAAC,CAAC,CAAC,CAAC,CAAC;;AAE/D,CAAC,CAAC,CAAC,CAAC,CAAC,EAAE,CAAC,CAAC,CAAC,CAAC,CAAC,CAAC,EAAE;EACb,CAAC,CAAC,CAAC,CAAC,EAAE,CAAC,CAAC,CAAC,CAAC,CAAC,CAAC,CAAC,CAAC,CAAC,CAAC,CAAC,CAAC,CAAC;EACnB,CAAC,CAAC,CAAC,CAAC,CAAC,CAAC,CAAC,CAAC,CAAC,CAAC,EAAE;IACV,CAAC,CAAC,CAAC,CAAC,CAAC,CAAC,CAAC,CAAC,CAAC,CAAC,CAAC,CAAC;IACZ,CAAC,CAAC,CAAC,CAAC,CAAC,CAAC,CAAC,CAAC,CAAC,CAAC,CAAC,CAAC,CAAC,CAAC,CAAC,CAAC,CAAC,CAAC,CAAC,CAAC,CAAC;IACrB,CAAC,CAAC,CAAC,CAAC,CAAC,CAAC,CAAC,CAAC,CAAC,CAAC;IACV,CAAC,CAAC,CAAC,CAAC,CAAC,CAAC,CAAC,CAAC,CAAC,CAAC,CAAC;IACX,CAAC,CAAC,CAAC,CAAC,CAAC,CAAC,CAAC,CAAC,CAAC,CAAC;EACZ,CAAC;EACD,CAAC,CAAC,CAAC,CAAC,CAAC,CAAC,CAAC,CAAC,EAAE;IACR,CAAC,CAAC,CAAC,CAAC,CAAC,CAAC,CAAC,CAAC,CAAC,CAAC,CAAC,CAAC;MACV,CAAC,CAAC,CAAC,CAAC,CAAC,CAAC,CAAC,CAAC,CAAC,CAAC;MACV,CAAC,CAAC,CAAC,CAAC,CAAC,CAAC,CAAC,CAAC,CAAC,CAAC,CAAC,CAAC,CAAC,CAAC,CAAC;MACf,CAAC,CAAC,CAAC,CAAC,CAAC,CAAC,CAAC,CAAC,CAAC;IACX,CAAC;EACH,CAAC;EACD,CAAC,CAAC,CAAC,CAAC,CAAC,CAAC,EAAE,CAAC,EAAE;IACT,CAAC,CAAC,CAAC,CAAC,CAAC,CAAC,CAAC,CAAC,CAAC,CAAC;;IAEV,CAAC,CAAC,CAAC,CAAC,CAAC,CAAC,CAAC,CAAC,CAAC,CAAC,CAAC;MACT,CAAC,EAAE,CAAC,EAAE,CAAC,CAAC,CAAC,CAAC,CAAC,CAAC,CAAC,CAAC,CAAC,CAAC,CAAC,CAAC,CAAC,CAAC,CAAC,CAAC,CAAC,CAAC,CAAC,CAAC,CAAC,CAAC,CAAC,CAAC;MAC9B,CAAC,CAAC,CAAC,CAAC,CAAC,CAAC,EAAE,CAAC,EAAE,CAAC,CAAC,CAAC,CAAC,CAAC,CAAC,CAAC,CAAC,CAAC,CAAC,CAAC,CAAC,CAAC,CAAC,CAAC,CAAC,CAAC,CAAC,CAAC,CAAC,CAAC,CAAC,CAAC,CAAC,CAAC,CAAC,CAAC,CAAC,CAAC,CAAC,CAAC;MAC1C,EAAE,CAAC,CAAC,CAAC,CAAC,CAAC,CAAC,CAAC,CAAC,CAAC,EAAE,CAAC,CAAC,CAAC,EAAE;IACpB;;IAEA,CAAC,CAAC,CAAC,CAAC,CAAC,CAAC,CAAC,CAAC,CAAC,CAAC,CAAC;MACT,CAAC,EAAE,CAAC,EAAE,CAAC,CAAC,CAAC,CAAC,CAAC,CAAC,CAAC,CAAC,CAAC,CAAC,CAAC,CAAC,CAAC,CAAC,EAAE,CAAC,CAAC,CAAC,CAAC,CAAC,CAAC,CAAC,CAAC,CAAC,CAAC,CAAC,CAAC,CAAC,CAAC,CAAC,CAAC,CAAC,CAAC,CAAC;MACzC,CAAC,EAAE,CAAC,EAAE;QACJ,CAAC,EAAE,CAAC,CAAC,CAAC,CAAC,CAAC,CAAC,CAAC,CAAC,CAAC,CAAC,CAAC,CAAC,CAAC,CAAC,EAAE,CAAC,EAAE,CAAC,CAAC,CAAC,CAAC,CAAC,CAAC,CAAC,CAAC,CAAC,CAAC,CAAC,CAAC,CAAC,CAAC,CAAC,CAAC,CAAC,CAAC,CAAC,CAAC,CAAC,CAAC,CAAC,CAAC,CAAC,CAAC,CAAC,CAAC,CAAC,CAAC,CAAC,CAAC,EAAE,CAAC,EAAE,CAAC,CAAC,CAAC,CAAC,CAAC,CAAC,EAAE;UACjE,CAAC,EAAE,CAAC,CAAC,CAAC,CAAC,CAAC,CAAC,CAAC,CAAC,CAAC,CAAC,CAAC,CAAC,CAAC,CAAC,CAAC,CAAC,CAAC,CAAC,CAAC,EAAE;YACtB,CAAC,CAAC,CAAC,CAAC,CAAC,CAAC,CAAC,CAAC,CAAC,CAAC,CAAC,CAAC,CAAC,CAAC,CAAC,CAAC,CAAC,CAAC,CAAC,CAAC,CAAC,CAAC,CAAC,CAAC,CAAC,CAAC,CAAC,CAAC,CAAC,CAAC,CAAC,CAAC,CAAC,CAAC,CAAC,CAAC,CAAC,CAAC,CAAC,CAAC;YACxC,CAAC,CAAC,CAAC,CAAC,CAAC,CAAC,CAAC,CAAC,CAAC,CAAC,CAAC,CAAC,CAAC,CAAC,CAAC,CAAC,CAAC,CAAC,CAAC,CAAC,CAAC,CAAC,CAAC,CAAC,CAAC,CAAC,CAAC,CAAC,CAAC,CAAC,CAAC,CAAC,CAAC,CAAC,CAAC,CAAC,CAAC,CAAC,CAAC,CAAC,CAAC,CAAC,CAAC,CAAC,CAAC;UAC/C,EAAE,CAAC,CAAC,CAAC,EAAE;YACL,CAAC,CAAC,CAAC,CAAC,CAAC,CAAC,CAAC,CAAC,CAAC,CAAC,CAAC,CAAC,CAAC,CAAC,CAAC,CAAC,CAAC,CAAC,CAAC,CAAC;YACpB,CAAC,CAAC,CAAC,CAAC,CAAC,CAAC,CAAC,CAAC,CAAC,CAAC,CAAC,CAAC,CAAC,CAAC,CAAC,CAAC,CAAC,CAAC,CAAC,CAAC,CAAC,CAAC,CAAC,CAAC,CAAC;UAC3B;QACF;MACF,CAAC,EAAE,EAAE,CAAC,CAAC,CAAC,CAAC,CAAC,CAAC,CAAC,CAAC,CAAC,EAAE,CAAC,CAAC,CAAC,EAAE;IACvB;EACF,CAAC;EACD,CAAC,CAAC,CAAC,CAAC,CAAC,CAAC,CAAC,EAAE;IACP,CAAC,CAAC,CAAC,CAAC,CAAC,CAAC,CAAC,CAAC,CAAC,CAAC,CAAC,CAAC,CAAC,CAAC;MACZ,CAAC,CAAC,CAAC,CAAC,CAAC,CAAC,CAAC,CAAC,CAAC,CAAC,CAAC,CAAC,CAAC,CAAC,CAAC,CAAC,CAAC,CAAC,CAAC,CAAC,CAAC;MACrB,CAAC,CAAC,CAAC,CAAC,CAAC,CAAC,CAAC,CAAC,CAAC,CAAC,CAAC,CAAC,CAAC,CAAC,CAAC,CAAC;MAChB,CAAC,CAAC,CAAC,CAAC,CAAC,CAAC,CAAC,CAAC,CAAC,CAAC,CAAC,CAAC,CAAC,CAAC,CAAC,CAAC,CAAC,CAAC,CAAC,CAAC,CAAC;MACrB,CAAC,CAAC,CAAC,CAAC,CAAC,CAAC,CAAC,CAAC,CAAC,CAAC,CAAC,CAAC,CAAC,CAAC,CAAC,CAAC,CAAC,CAAC;MAClB,CAAC,CAAC,CAAC,CAAC,CAAC,CAAC,CAAC,CAAC,CAAC,CAAC,CAAC,CAAC,CAAC,CAAC,CAAC,CAAC,CAAC,CAAC,CAAC,CAAC,CAAC,CAAC,CAAC;MACvB,CAAC,CAAC,CAAC,CAAC,CAAC;IACP,CAAC;EACH;AACF",
      "file": "C:/Users/cassi/Desktop/dev/vue-exam/src/views/News.vue",
      "sourceRoot": "",
      "sourcesContent": [
        "<template>\n  <main class=\"news view\">\n    <NewsHeader />\n    <div class=\"content\">\n      <div\n        class=\"scrollbox\"\n        data-test=\"news-scrollbox\"\n      >\n        <TopicNavbar />\n        <AppContainer data-test=\"news-list-container\">\n          <ArticleList />\n        </AppContainer>\n      </div>\n      <NewsButtonReturnToTop />\n    </div>\n  </main>\n</template>\n\n<script>\n\nimport { mapActions, mapState } from 'vuex'\n\nimport AppContainer from '@/components/atoms/AppContainer.vue'\nimport NewsButtonReturnToTop from '@/components/molecules/NewsButtonReturnToTop.vue'\nimport NewsHeader from '@/components/molecules/NewsHeader.vue'\nimport ArticleList from '@/components/organisms/ArticleList.vue'\nimport TopicNavbar from '@/components/organisms/TopicNavbar.vue'\n\nexport default {\n  name: 'AllArticles',\n  components: {\n    AppContainer,\n    NewsButtonReturnToTop,\n    NewsHeader,\n    ArticleList,\n    TopicNavbar\n  },\n  computed: {\n    ...mapState([\n      'articles',\n      'selectedTopic',\n      'synching'\n    ])\n  },\n  created () {\n    this.sync()\n\n    this.$watch(\n      () => this.$route.params.topic,\n      (topic) => this.changeSelectedTopic(topic),\n      { immediate: true }\n    )\n\n    this.$watch(\n      () => [this.synching, this.selectedTopic],\n      () => {\n        if (!this.synching && !this.articles[this.selectedTopic || 'all']) {\n          if (this.selectedTopic) {\n            this.getTopicArticles(this.selectedTopic)\n            this.getTopicArticlesCount(this.selectedTopic)\n          } else {\n            this.getAllArticles()\n            this.getAllArticlesCount()\n          }\n        }\n      }, { immediate: true }\n    )\n  },\n  methods: {\n    ...mapActions([\n      'changeSelectedTopic',\n      'getAllArticles',\n      'getAllArticlesCount',\n      'getTopicArticles',\n      'getTopicArticlesCount',\n      'sync'\n    ])\n  }\n}\n\n</script>\n\n<style lang=\"scss\" scoped>\n\n  .news.view {\n    width: 100%;\n    height: 100%;\n\n    display: flex;\n    flex-direction: column;\n\n    .content {\n      flex: 1 1 auto;\n      position: relative;\n\n      .scrollbox {\n        position: absolute;\n        top: 0;\n        left: 0;\n        right: 0;\n        bottom: 0;\n\n        scroll-behavior: smooth;\n        overflow: hidden scroll;\n        overflow-anchor: none;\n\n        &::-webkit-scrollbar {\n          width: 16px;\n          height: 16px;\n        }\n\n        &::-webkit-scrollbar-thumb {\n          background: var(--accent-secondary);\n          background-clip: padding-box;\n          border: 4px solid transparent;\n        }\n      }\n    }\n  }\n\n</style>\n"
      ]
    },
    "_coverageSchema": "1a1c01bbd47fc00a2c39e90264f33305004495a9",
    "hash": "07655018098ccc0663201e8de8faed10a63dbd40"
  },
  "C:\\Users\\cassi\\Desktop\\dev\\vue-exam\\src\\components\\atoms\\AppContainer.vue": {
    "path": "C:\\Users\\cassi\\Desktop\\dev\\vue-exam\\src\\components\\atoms\\AppContainer.vue",
    "statementMap": {},
    "fnMap": {},
    "branchMap": {},
    "s": {},
    "f": {},
    "b": {},
    "inputSourceMap": {
      "version": 3,
      "sources": [
        "C:\\Users\\cassi\\Desktop\\dev\\vue-exam\\src\\components\\atoms\\AppContainer.vue"
      ],
      "names": [],
      "mappings": ";;AAQA,CAAC,CAAC,CAAC,CAAC,CAAC,EAAE,CAAC,CAAC,CAAC,CAAC,CAAC,CAAC,EAAE;EACb,CAAC,CAAC,CAAC,CAAC,EAAE,CAAC,CAAC,CAAC,CAAC,CAAC,CAAC,CAAC,CAAC,CAAC,CAAC,CAAC,CAAC,CAAC;AACrB",
      "file": "C:/Users/cassi/Desktop/dev/vue-exam/src/components/atoms/AppContainer.vue",
      "sourceRoot": "",
      "sourcesContent": [
        "<template>\r\n  <div class=\"container\">\r\n    <slot />\r\n  </div>\r\n</template>\r\n\r\n<script>\r\n\r\nexport default {\r\n  name: 'AppContainer'\r\n}\r\n\r\n</script>\r\n\r\n<style lang=\"scss\" scoped>\r\n\r\n  .container {\r\n    margin: 0 1.5rem;\r\n\r\n    @media (min-width: 768px) {\r\n      margin: 0 3rem;\r\n    }\r\n\r\n    @media (min-width: 1280px) {\r\n      max-width: calc(1280px - 3rem);\r\n\r\n      margin: 0 auto;\r\n    }\r\n  }\r\n\r\n</style>\r\n"
      ]
    },
    "_coverageSchema": "1a1c01bbd47fc00a2c39e90264f33305004495a9",
    "hash": "8f78900414f79a32267ed60ca61c1cf9ed6801dc"
  },
  "C:\\Users\\cassi\\Desktop\\dev\\vue-exam\\src\\components\\molecules\\NewsButtonReturnToTop.vue": {
    "path": "C:\\Users\\cassi\\Desktop\\dev\\vue-exam\\src\\components\\molecules\\NewsButtonReturnToTop.vue",
    "statementMap": {
      "0": {
        "start": {
          "line": 7,
          "column": 6
        },
        "end": {
          "line": 7,
          "column": 56
        }
      }
    },
    "fnMap": {
      "0": {
        "name": "(anonymous_0)",
        "decl": {
          "start": {
            "line": 6,
            "column": 4
          },
          "end": {
            "line": 6,
            "column": 5
          }
        },
        "loc": {
          "start": {
            "line": 6,
            "column": 19
          },
          "end": {
            "line": 8,
            "column": 5
          }
        },
        "line": 6
      }
    },
    "branchMap": {},
    "s": {
      "0": 2
    },
    "f": {
      "0": 2
    },
    "b": {},
    "inputSourceMap": {
      "version": 3,
      "sources": [
        "C:\\Users\\cassi\\Desktop\\dev\\vue-exam\\src\\components\\molecules\\NewsButtonReturnToTop.vue"
      ],
      "names": [],
      "mappings": ";;AAWA,CAAC,CAAC,CAAC,CAAC,CAAC,EAAE,CAAC,CAAC,CAAC,CAAC,CAAC,CAAC,EAAE;EACb,CAAC,CAAC,CAAC,CAAC,EAAE,CAAC,CAAC,CAAC,CAAC,CAAC,CAAC,CAAC,CAAC,CAAC,CAAC,CAAC,CAAC,CAAC,CAAC,CAAC,CAAC,CAAC,CAAC,CAAC;EACzB,CAAC,CAAC,CAAC,CAAC,CAAC,CAAC,CAAC,EAAE;IACP,CAAC,CAAC,CAAC,CAAC,CAAC,CAAC,CAAC,CAAC,CAAC,CAAC,EAAE,CAAC,EAAE;MACb,CAAC,CAAC,CAAC,CAAC,CAAC,CAAC,CAAC,CAAC,CAAC,CAAC,CAAC,CAAC,CAAC,CAAC,CAAC,CAAC,CAAC,CAAC,CAAC,CAAC,CAAC,CAAC,CAAC,CAAC,CAAC,CAAC,CAAC,CAAC,CAAC,CAAC,CAAC,CAAC,CAAC,CAAC,CAAC,CAAC,CAAC,CAAC,CAAC,CAAC,CAAC,CAAC,CAAC,CAAC,CAAC,EAAE,EAAE;IACnD;EACF;AACF",
      "file": "C:/Users/cassi/Desktop/dev/vue-exam/src/components/molecules/NewsButtonReturnToTop.vue",
      "sourceRoot": "",
      "sourcesContent": [
        "<template>\r\n  <button\r\n    class=\"button return-to-top\"\r\n    @click=\"returnToTop\"\r\n  >\r\n    <Icon icon=\"angle-double-up\" />\r\n  </button>\r\n</template>\r\n\r\n<script>\r\n\r\nexport default {\r\n  name: 'ButtonReturnToTop',\r\n  methods: {\r\n    returnToTop () {\r\n      document.querySelector('.scrollbox').scrollTop = 0\r\n    }\r\n  }\r\n}\r\n\r\n</script>\r\n\r\n<style lang=\"scss\" scoped>\r\n\r\n  .button.return-to-top {\r\n    width: 2.5rem;\r\n    height: 2.5rem;\r\n\r\n    background: var(--button-normal);\r\n    color: var(--button-color);\r\n    cursor: pointer;\r\n    font-size: 1rem;\r\n\r\n    display: flex;\r\n    align-items: center;\r\n    justify-content: center;\r\n\r\n    transition: 100ms background-color;\r\n\r\n    position: absolute;\r\n    left: 1.5rem;\r\n    bottom: 1.5rem;\r\n\r\n    &:hover {\r\n      background: var(--button-hover);\r\n    }\r\n\r\n    &:active {\r\n      background: var(--button-active);\r\n    }\r\n  }\r\n\r\n</style>\r\n"
      ]
    },
    "_coverageSchema": "1a1c01bbd47fc00a2c39e90264f33305004495a9",
    "hash": "b16e74c2d2d522f5e05ed9a11aa0424b9aafca66"
  },
  "C:\\Users\\cassi\\Desktop\\dev\\vue-exam\\src\\components\\molecules\\NewsHeader.vue": {
    "path": "C:\\Users\\cassi\\Desktop\\dev\\vue-exam\\src\\components\\molecules\\NewsHeader.vue",
    "statementMap": {},
    "fnMap": {},
    "branchMap": {},
    "s": {},
    "f": {},
    "b": {},
    "inputSourceMap": {
      "version": 3,
      "sources": [
        "C:\\Users\\cassi\\Desktop\\dev\\vue-exam\\src\\components\\molecules\\NewsHeader.vue"
      ],
      "names": [],
      "mappings": ";;AAkBA,CAAC,CAAC,CAAC,CAAC,CAAC,EAAE,CAAC,CAAC,CAAC,CAAC,CAAC,CAAC,EAAE,EAAE,CAAC,CAAC,CAAC,CAAC,EAAE,CAAC,CAAC,CAAC,CAAC,CAAC,CAAC,CAAC,CAAC,CAAC,CAAC,CAAC,EAAE",
      "file": "C:/Users/cassi/Desktop/dev/vue-exam/src/components/molecules/NewsHeader.vue",
      "sourceRoot": "",
      "sourcesContent": [
        "<template>\r\n  <header class=\"news header\">\r\n    <a\r\n      target=\"_blank\"\r\n      rel=\"noreferrer\"\r\n      href=\"https://www.nytimes.com/\"\r\n      data-test=\"nyt-logo\"\r\n    >\r\n      <img\r\n        src=\"@/assets/logo.svg\"\r\n        alt=\"The New York Times\"\r\n      >\r\n    </a>\r\n  </header>\r\n</template>\r\n\r\n<script>\r\n\r\nexport default { name: 'NewsHeader' }\r\n\r\n</script>\r\n\r\n<style lang=\"scss\" scoped>\r\n\r\n  .news.header {\r\n    display: flex;\r\n    align-items: center;\r\n    justify-content: center;\r\n\r\n    border-bottom: 1px solid var(--accent-secondary);\r\n    padding: .75rem 0;\r\n\r\n    a {\r\n      width: 185px;\r\n      height: 25px;\r\n\r\n      display: flex;\r\n    }\r\n  }\r\n\r\n</style>\r\n"
      ]
    },
    "_coverageSchema": "1a1c01bbd47fc00a2c39e90264f33305004495a9",
    "hash": "acb32396522eab746df7aae5bdfeff55319b4927"
  },
  "C:\\Users\\cassi\\Desktop\\dev\\vue-exam\\src\\components\\organisms\\ArticleList.vue": {
    "path": "C:\\Users\\cassi\\Desktop\\dev\\vue-exam\\src\\components\\organisms\\ArticleList.vue",
    "statementMap": {
      "0": {
        "start": {
          "line": 27,
          "column": 4
        },
        "end": {
          "line": 42,
          "column": 6
        }
      },
      "1": {
        "start": {
          "line": 28,
          "column": 22
        },
        "end": {
          "line": 28,
          "column": 29
        }
      },
      "2": {
        "start": {
          "line": 29,
          "column": 6
        },
        "end": {
          "line": 37,
          "column": 7
        }
      },
      "3": {
        "start": {
          "line": 30,
          "column": 8
        },
        "end": {
          "line": 36,
          "column": 9
        }
      },
      "4": {
        "start": {
          "line": 31,
          "column": 10
        },
        "end": {
          "line": 35,
          "column": 11
        }
      },
      "5": {
        "start": {
          "line": 32,
          "column": 12
        },
        "end": {
          "line": 32,
          "column": 53
        }
      },
      "6": {
        "start": {
          "line": 34,
          "column": 12
        },
        "end": {
          "line": 34,
          "column": 33
        }
      },
      "7": {
        "start": {
          "line": 39,
          "column": 6
        },
        "end": {
          "line": 41,
          "column": 7
        }
      },
      "8": {
        "start": {
          "line": 40,
          "column": 8
        },
        "end": {
          "line": 40,
          "column": 34
        }
      },
      "9": {
        "start": {
          "line": 44,
          "column": 4
        },
        "end": {
          "line": 49,
          "column": 5
        }
      },
      "10": {
        "start": {
          "line": 45,
          "column": 12
        },
        "end": {
          "line": 45,
          "column": 30
        }
      },
      "11": {
        "start": {
          "line": 47,
          "column": 8
        },
        "end": {
          "line": 47,
          "column": 55
        }
      }
    },
    "fnMap": {
      "0": {
        "name": "(anonymous_0)",
        "decl": {
          "start": {
            "line": 26,
            "column": 2
          },
          "end": {
            "line": 26,
            "column": 3
          }
        },
        "loc": {
          "start": {
            "line": 26,
            "column": 13
          },
          "end": {
            "line": 50,
            "column": 3
          }
        },
        "line": 26
      },
      "1": {
        "name": "(anonymous_1)",
        "decl": {
          "start": {
            "line": 27,
            "column": 45
          },
          "end": {
            "line": 27,
            "column": 46
          }
        },
        "loc": {
          "start": {
            "line": 27,
            "column": 56
          },
          "end": {
            "line": 42,
            "column": 5
          }
        },
        "line": 27
      },
      "2": {
        "name": "(anonymous_2)",
        "decl": {
          "start": {
            "line": 45,
            "column": 6
          },
          "end": {
            "line": 45,
            "column": 7
          }
        },
        "loc": {
          "start": {
            "line": 45,
            "column": 12
          },
          "end": {
            "line": 45,
            "column": 30
          }
        },
        "line": 45
      },
      "3": {
        "name": "(anonymous_3)",
        "decl": {
          "start": {
            "line": 46,
            "column": 6
          },
          "end": {
            "line": 46,
            "column": 7
          }
        },
        "loc": {
          "start": {
            "line": 46,
            "column": 12
          },
          "end": {
            "line": 48,
            "column": 7
          }
        },
        "line": 46
      }
    },
    "branchMap": {
      "0": {
        "loc": {
          "start": {
            "line": 29,
            "column": 6
          },
          "end": {
            "line": 37,
            "column": 7
          }
        },
        "type": "if",
        "locations": [
          {
            "start": {
              "line": 29,
              "column": 6
            },
            "end": {
              "line": 37,
              "column": 7
            }
          },
          {
            "start": {
              "line": 29,
              "column": 6
            },
            "end": {
              "line": 37,
              "column": 7
            }
          }
        ],
        "line": 29
      },
      "1": {
        "loc": {
          "start": {
            "line": 30,
            "column": 8
          },
          "end": {
            "line": 36,
            "column": 9
          }
        },
        "type": "if",
        "locations": [
          {
            "start": {
              "line": 30,
              "column": 8
            },
            "end": {
              "line": 36,
              "column": 9
            }
          },
          {
            "start": {
              "line": 30,
              "column": 8
            },
            "end": {
              "line": 36,
              "column": 9
            }
          }
        ],
        "line": 30
      },
      "2": {
        "loc": {
          "start": {
            "line": 31,
            "column": 10
          },
          "end": {
            "line": 35,
            "column": 11
          }
        },
        "type": "if",
        "locations": [
          {
            "start": {
              "line": 31,
              "column": 10
            },
            "end": {
              "line": 35,
              "column": 11
            }
          },
          {
            "start": {
              "line": 31,
              "column": 10
            },
            "end": {
              "line": 35,
              "column": 11
            }
          }
        ],
        "line": 31
      },
      "3": {
        "loc": {
          "start": {
            "line": 39,
            "column": 6
          },
          "end": {
            "line": 41,
            "column": 7
          }
        },
        "type": "if",
        "locations": [
          {
            "start": {
              "line": 39,
              "column": 6
            },
            "end": {
              "line": 41,
              "column": 7
            }
          },
          {
            "start": {
              "line": 39,
              "column": 6
            },
            "end": {
              "line": 41,
              "column": 7
            }
          }
        ],
        "line": 39
      }
    },
    "s": {
      "0": 20,
      "1": 50,
      "2": 50,
      "3": 27,
      "4": 4,
      "5": 1,
      "6": 3,
      "7": 50,
      "8": 5,
      "9": 20,
      "10": 23,
      "11": 23
    },
    "f": {
      "0": 20,
      "1": 50,
      "2": 23,
      "3": 23
    },
    "b": {
      "0": [
        27,
        23
      ],
      "1": [
        4,
        23
      ],
      "2": [
        1,
        3
      ],
      "3": [
        5,
        45
      ]
    },
    "inputSourceMap": {
      "version": 3,
      "sources": [
        "C:\\Users\\cassi\\Desktop\\dev\\vue-exam\\src\\components\\organisms\\ArticleList.vue"
      ],
      "names": [],
      "mappings": ";;AA8CA,CAAC,CAAC,CAAC,CAAC,CAAC,EAAE,EAAE,CAAC,CAAC,CAAC,CAAC,CAAC,CAAC,CAAC,CAAC,CAAC,CAAC,EAAE,CAAC,CAAC,CAAC,CAAC,CAAC,CAAC,CAAC,CAAC,CAAC,CAAC,EAAE,CAAC,CAAC,CAAC,CAAC,CAAC,CAAC,CAAC,EAAE,EAAE,CAAC,CAAC,CAAC,EAAE,CAAC,CAAC,CAAC,CAAC,CAAC;;AAEtD,CAAC,CAAC,CAAC,CAAC,CAAC,EAAE,CAAC,CAAC,CAAC,CAAC,CAAC,CAAC,CAAC,CAAC,CAAC,CAAC,CAAC,CAAC,CAAC,CAAC,EAAE,CAAC,CAAC,CAAC,EAAE,CAAC,CAAC,CAAC,CAAC,CAAC,CAAC,CAAC,CAAC,CAAC,CAAC,CAAC,CAAC,CAAC,CAAC,CAAC,CAAC,CAAC,CAAC,CAAC,CAAC,CAAC,CAAC,CAAC,CAAC,CAAC,CAAC,CAAC,CAAC,CAAC,CAAC,CAAC,CAAC,CAAC,CAAC,CAAC,CAAC,CAAC,CAAC,CAAC,CAAC,CAAC,CAAC,CAAC;AACvE,CAAC,CAAC,CAAC,CAAC,CAAC,EAAE,CAAC,CAAC,CAAC,CAAC,CAAC,CAAC,CAAC,CAAC,CAAC,CAAC,CAAC,CAAC,CAAC,CAAC,CAAC,CAAC,CAAC,CAAC,CAAC,CAAC,CAAC,CAAC,EAAE,CAAC,CAAC,CAAC,EAAE,CAAC,CAAC,CAAC,CAAC,CAAC,CAAC,CAAC,CAAC,CAAC,CAAC,CAAC,CAAC,CAAC,CAAC,CAAC,CAAC,CAAC,CAAC,CAAC,CAAC,CAAC,CAAC,CAAC,CAAC,CAAC,CAAC,CAAC,CAAC,CAAC,CAAC,CAAC,CAAC,CAAC,CAAC,CAAC,CAAC,CAAC,CAAC,CAAC,CAAC,CAAC,CAAC,CAAC,CAAC,CAAC,CAAC,CAAC,CAAC,CAAC,CAAC,CAAC;AACvF,CAAC,CAAC,CAAC,CAAC,CAAC,EAAE,CAAC,CAAC,CAAC,CAAC,CAAC,CAAC,CAAC,CAAC,CAAC,CAAC,CAAC,EAAE,CAAC,CAAC,CAAC,EAAE,CAAC,CAAC,CAAC,CAAC,CAAC,CAAC,CAAC,CAAC,CAAC,CAAC,CAAC,CAAC,CAAC,CAAC,CAAC,CAAC,CAAC,CAAC,CAAC,CAAC,CAAC,CAAC,CAAC,CAAC,CAAC,CAAC,CAAC,CAAC,CAAC,CAAC,CAAC,CAAC,CAAC,CAAC,CAAC,CAAC,CAAC,CAAC,CAAC,CAAC;;AAEjE,CAAC,CAAC,CAAC,CAAC,CAAC,EAAE,CAAC,CAAC,CAAC,CAAC,CAAC,CAAC,EAAE;EACb,CAAC,CAAC,CAAC,CAAC,EAAE,CAAC,CAAC,CAAC,CAAC,CAAC,CAAC,CAAC,CAAC,CAAC,CAAC,CAAC,CAAC,CAAC;EACnB,CAAC,CAAC,CAAC,CAAC,CAAC,CAAC,CAAC,CAAC,CAAC,CAAC,EAAE;IACV,CAAC,CAAC,CAAC,CAAC,CAAC,CAAC,CAAC,CAAC,CAAC,CAAC,CAAC,CAAC,CAAC,CAAC,CAAC;IACf,CAAC,CAAC,CAAC,CAAC,CAAC,CAAC,CAAC,CAAC,CAAC,CAAC,CAAC,CAAC,CAAC,CAAC,CAAC,CAAC,CAAC,CAAC,CAAC,CAAC,CAAC,CAAC,CAAC;IACvB,CAAC,CAAC,CAAC,CAAC,CAAC,CAAC,CAAC,CAAC,CAAC,CAAC,CAAC;EACb,CAAC;EACD,CAAC,CAAC,CAAC,CAAC,CAAC,CAAC,CAAC,CAAC,EAAE;IACR,CAAC,CAAC,CAAC,CAAC,CAAC,CAAC,CAAC,CAAC,CAAC,CAAC,CAAC,CAAC,CAAC,CAAC;MACZ,CAAC,CAAC,CAAC,CAAC,CAAC,CAAC,CAAC,CAAC,CAAC,CAAC,CAAC,CAAC,CAAC,CAAC,CAAC,CAAC,CAAC,CAAC;MAClB,CAAC,CAAC,CAAC,CAAC,CAAC,CAAC,CAAC,CAAC,CAAC,CAAC,CAAC,CAAC,CAAC,CAAC,CAAC,CAAC,CAAC,CAAC,CAAC,CAAC,CAAC,CAAC;IACxB,CAAC,CAAC;IACF,CAAC,CAAC,CAAC,CAAC,CAAC,CAAC,CAAC,CAAC,CAAC,CAAC,CAAC,CAAC;MACV,CAAC,CAAC,CAAC,CAAC,CAAC,CAAC,CAAC,CAAC,CAAC,CAAC,CAAC,CAAC,CAAC,CAAC,CAAC;MACf,CAAC,CAAC,CAAC,CAAC,CAAC,CAAC,CAAC,CAAC,CAAC;IACX,CAAC;EACH,CAAC;EACD,CAAC,CAAC,CAAC,CAAC,CAAC,CAAC,EAAE,CAAC,EAAE;IACT,CAAC,CAAC,CAAC,CAAC,CAAC,CAAC,CAAC,CAAC,CAAC,CAAC,CAAC,CAAC,EAAE,EAAE,CAAC,CAAC,EAAE,CAAC,CAAC,CAAC,CAAC,CAAC,CAAC,CAAC,CAAC,CAAC,CAAC,CAAC,CAAC,CAAC,CAAC,CAAC,CAAC,CAAC,CAAC,CAAC,CAAC,CAAC,CAAC,CAAC,CAAC,CAAC,CAAC,CAAC,EAAE,CAAC,EAAE;MAClD,CAAC,CAAC,CAAC,CAAC,EAAE,CAAC,CAAC,CAAC,CAAC,CAAC,CAAC,EAAE,EAAE,CAAC,CAAC,CAAC,CAAC,CAAC,CAAC;MACtB,CAAC,EAAE,CAAC,CAAC,CAAC,CAAC,CAAC,CAAC,CAAC,CAAC,CAAC,CAAC,CAAC,CAAC,CAAC,CAAC,CAAC,CAAC,CAAC,CAAC,CAAC,CAAC,CAAC,EAAE;QACxB,CAAC,EAAE,CAAC,CAAC,CAAC,CAAC,CAAC,CAAC,CAAC,CAAC,CAAC,CAAC,CAAC,CAAC,CAAC,CAAC,CAAC,CAAC,CAAC,CAAC,CAAC,CAAC,CAAC,CAAC,CAAC,CAAC,CAAC,CAAC,CAAC,CAAC,CAAC,EAAE;UAChC,CAAC,EAAE,CAAC,CAAC,CAAC,CAAC,CAAC,CAAC,CAAC,CAAC,CAAC,CAAC,CAAC,CAAC,CAAC,CAAC,CAAC,CAAC,CAAC,CAAC,CAAC,EAAE;YACtB,CAAC,CAAC,CAAC,CAAC,CAAC,CAAC,CAAC,CAAC,CAAC,CAAC,CAAC,CAAC,CAAC,CAAC,CAAC,CAAC,CAAC,CAAC,CAAC,CAAC,CAAC,CAAC,CAAC,CAAC,CAAC,CAAC,CAAC,CAAC,CAAC,CAAC,CAAC,CAAC,CAAC,CAAC,CAAC,CAAC,CAAC,CAAC,CAAC,CAAC;UAC1C,EAAE,CAAC,CAAC,CAAC,EAAE;YACL,CAAC,CAAC,CAAC,CAAC,CAAC,CAAC,CAAC,CAAC,CAAC,CAAC,CAAC,CAAC,CAAC,CAAC,CAAC,CAAC,CAAC,CAAC,CAAC,CAAC;UACtB;QACF;MACF;;MAEA,CAAC,EAAE,CAAC,CAAC,CAAC,CAAC,CAAC,CAAC,CAAC,CAAC,CAAC,CAAC,CAAC,CAAC,CAAC,CAAC,CAAC,CAAC,CAAC,CAAC,CAAC,CAAC,CAAC,CAAC,CAAC,CAAC,CAAC,CAAC,EAAE,CAAC,CAAC,EAAE,CAAC,CAAC,CAAC,CAAC,CAAC,CAAC,CAAC,CAAC,CAAC,CAAC,CAAC,CAAC,CAAC,CAAC,CAAC,CAAC,CAAC,CAAC,CAAC,CAAC,CAAC,CAAC,CAAC,CAAC,CAAC,CAAC,CAAC,CAAC,EAAE;QAC/D,CAAC,CAAC,CAAC,CAAC,CAAC,CAAC,CAAC,CAAC,CAAC,CAAC,CAAC,CAAC,CAAC,CAAC,CAAC,CAAC,CAAC,CAAC,CAAC,CAAC,CAAC,CAAC,CAAC,CAAC,CAAC;MAC3B;IACF,CAAC;;IAED,CAAC,CAAC,CAAC,CAAC,CAAC,CAAC,CAAC,CAAC,CAAC,CAAC,CAAC;MACT,CAAC,EAAE,CAAC,EAAE,CAAC,CAAC,CAAC,CAAC,CAAC,CAAC,CAAC,CAAC,CAAC,CAAC,CAAC,CAAC,CAAC,CAAC,CAAC,CAAC,CAAC,CAAC;MACxB,CAAC,EAAE,CAAC,EAAE;QACJ,CAAC,CAAC,CAAC,CAAC,CAAC,CAAC,CAAC,CAAC,CAAC,CAAC,CAAC,CAAC,CAAC,CAAC,CAAC,CAAC,CAAC,CAAC,CAAC,CAAC,CAAC,CAAC,CAAC,CAAC,CAAC,CAAC,CAAC,CAAC,CAAC,CAAC,CAAC,CAAC,CAAC,CAAC,CAAC,CAAC,CAAC,CAAC,CAAC,CAAC,CAAC,CAAC,CAAC,CAAC,CAAC,CAAC;MAChD,CAAC,EAAE,EAAE,CAAC,CAAC,CAAC,CAAC,CAAC,CAAC,CAAC,CAAC,CAAC,EAAE,CAAC,CAAC,CAAC,EAAE;IACvB;EACF,CAAC;EACD,CAAC,CAAC,CAAC,CAAC,CAAC,CAAC,CAAC,EAAE;IACP,CAAC,CAAC,CAAC,CAAC,CAAC,CAAC,CAAC,CAAC,CAAC,CAAC,CAAC,CAAC,CAAC,CAAC;MACZ,CAAC,CAAC,CAAC,CAAC,CAAC,CAAC,CAAC,CAAC,CAAC,CAAC,CAAC,CAAC,CAAC,CAAC,CAAC,CAAC;MAChB,CAAC,CAAC,CAAC,CAAC,CAAC,CAAC,CAAC,CAAC,CAAC,CAAC,CAAC,CAAC,CAAC,CAAC,CAAC,CAAC,CAAC;IACnB,CAAC;EACH;AACF",
      "file": "C:/Users/cassi/Desktop/dev/vue-exam/src/components/organisms/ArticleList.vue",
      "sourceRoot": "",
      "sourcesContent": [
        "<template>\r\n  <section class=\"article list\">\r\n    <template v-if=\"!synching\">\r\n      <template\r\n        v-for=\"(article, index) in selectedArticles\"\r\n        :key=\"article.id\"\r\n      >\r\n        <ArticleModal :article=\"article\">\r\n          <template #trigger=\"modal\">\r\n            <ArticleListItem\r\n              v-if=\"index === selectedArticles.length - 1\"\r\n              :article=\"article\"\r\n              @click=\"modal.open\"\r\n            />\r\n            <ArticleListItem\r\n              v-else\r\n              :article=\"article\"\r\n              @click=\"modal.open\"\r\n            />\r\n          </template>\r\n        </ArticleModal>\r\n      </template>\r\n    </template>\r\n\r\n    <div\r\n      ref=\"scrollTrigger\"\r\n      class=\"scroll-trigger\"\r\n    />\r\n\r\n    <template v-if=\"selectedArticlesCount !== selectedArticles.length\">\r\n      <ArticleListItemSkeleton />\r\n      <ArticleListItemSkeleton />\r\n      <ArticleListItemSkeleton />\r\n      <ArticleListItemSkeleton />\r\n      <ArticleListItemSkeleton />\r\n      <ArticleListItemSkeleton />\r\n      <ArticleListItemSkeleton />\r\n      <ArticleListItemSkeleton />\r\n      <ArticleListItemSkeleton />\r\n      <ArticleListItemSkeleton />\r\n    </template>\r\n  </section>\r\n</template>\r\n\r\n<script>\r\n\r\nimport { mapActions, mapGetters, mapState } from 'vuex'\r\n\r\nimport ArticleListItem from '@/components/molecules/ArticleListItem.vue'\r\nimport ArticleListItemSkeleton from '@/components/molecules/ArticleListItemSkeleton.vue'\r\nimport ArticleModal from '@/components/molecules/ArticleModal.vue'\r\n\r\nexport default {\r\n  name: 'ArticleList',\r\n  components: {\r\n    ArticleListItem,\r\n    ArticleListItemSkeleton,\r\n    ArticleModal\r\n  },\r\n  computed: {\r\n    ...mapGetters([\r\n      'selectedArticles',\r\n      'selectedArticlesCount'\r\n    ]),\r\n    ...mapState([\r\n      'selectedTopic',\r\n      'synching'\r\n    ])\r\n  },\r\n  mounted () {\r\n    this.observer = new IntersectionObserver(entries => {\r\n      const [entry] = entries\r\n      if (entry.isIntersecting) {\r\n        if (this.selectedArticles.length) {\r\n          if (this.selectedTopic) {\r\n            this.getTopicArticles(this.selectedTopic)\r\n          } else {\r\n            this.getAllArticles()\r\n          }\r\n        }\r\n      }\r\n\r\n      if (this.selectedArticlesCount === this.selectedArticles.length) {\r\n        this.observer.disconnect()\r\n      }\r\n    })\r\n\r\n    this.$watch(\r\n      () => this.selectedTopic,\r\n      () => {\r\n        this.observer.observe(this.$refs.scrollTrigger)\r\n      }, { immediate: true }\r\n    )\r\n  },\r\n  methods: {\r\n    ...mapActions([\r\n      'getAllArticles',\r\n      'getTopicArticles'\r\n    ])\r\n  }\r\n}\r\n\r\n</script>\r\n\r\n<style lang=\"scss\" scoped>\r\n\r\n  .article.list {\r\n    border-top: 2px solid var(--accent-primary);\r\n    padding: 3rem 0;\r\n  }\r\n\r\n</style>\r\n"
      ]
    },
    "_coverageSchema": "1a1c01bbd47fc00a2c39e90264f33305004495a9",
    "hash": "4fd2364aa6793aabb40f1bda53e0b0b9a103b3ba"
  },
  "C:\\Users\\cassi\\Desktop\\dev\\vue-exam\\src\\components\\molecules\\ArticleListItem.vue": {
    "path": "C:\\Users\\cassi\\Desktop\\dev\\vue-exam\\src\\components\\molecules\\ArticleListItem.vue",
    "statementMap": {
      "0": {
        "start": {
          "line": 15,
          "column": 6
        },
        "end": {
          "line": 15,
          "column": 95
        }
      },
      "1": {
        "start": {
          "line": 18,
          "column": 6
        },
        "end": {
          "line": 18,
          "column": 51
        }
      }
    },
    "fnMap": {
      "0": {
        "name": "(anonymous_0)",
        "decl": {
          "start": {
            "line": 14,
            "column": 4
          },
          "end": {
            "line": 14,
            "column": 5
          }
        },
        "loc": {
          "start": {
            "line": 14,
            "column": 19
          },
          "end": {
            "line": 16,
            "column": 5
          }
        },
        "line": 14
      },
      "1": {
        "name": "(anonymous_1)",
        "decl": {
          "start": {
            "line": 17,
            "column": 4
          },
          "end": {
            "line": 17,
            "column": 5
          }
        },
        "loc": {
          "start": {
            "line": 17,
            "column": 24
          },
          "end": {
            "line": 19,
            "column": 5
          }
        },
        "line": 17
      }
    },
    "branchMap": {},
    "s": {
      "0": 243,
      "1": 243
    },
    "f": {
      "0": 243,
      "1": 243
    },
    "b": {},
    "inputSourceMap": {
      "version": 3,
      "sources": [
        "C:\\Users\\cassi\\Desktop\\dev\\vue-exam\\src\\components\\molecules\\ArticleListItem.vue"
      ],
      "names": [],
      "mappings": ";;AA6BA,CAAC,CAAC,CAAC,CAAC,CAAC,EAAE,CAAC,CAAC,CAAC,CAAC,CAAC,CAAC,EAAE,CAAC,CAAC,CAAC,EAAE,CAAC,CAAC,CAAC,CAAC,CAAC,CAAC,CAAC,CAAC,CAAC,CAAC,CAAC,CAAC,CAAC,CAAC,CAAC,CAAC,CAAC;;AAErC,CAAC,CAAC,CAAC,CAAC,CAAC,EAAE,CAAC,CAAC,CAAC,CAAC,CAAC,CAAC,EAAE;EACb,CAAC,CAAC,CAAC,CAAC,EAAE,CAAC,CAAC,CAAC,CAAC,CAAC,CAAC,CAAC,CAAC,CAAC,CAAC,CAAC,CAAC,CAAC,CAAC,CAAC,CAAC,CAAC;EACvB,CAAC,CAAC,CAAC,CAAC,CAAC,EAAE;IACL,CAAC,CAAC,CAAC,CAAC,CAAC,CAAC,CAAC,EAAE;MACP,CAAC,CAAC,CAAC,CAAC,EAAE,CAAC,CAAC,CAAC,CAAC,CAAC,CAAC;MACZ,CAAC,CAAC,CAAC,CAAC,CAAC,CAAC,CAAC,CAAC,EAAE,CAAC,CAAC,CAAC;IACf;EACF,CAAC;EACD,CAAC,CAAC,CAAC,CAAC,CAAC,CAAC,CAAC,CAAC,EAAE;IACR,CAAC,CAAC,CAAC,CAAC,CAAC,CAAC,CAAC,CAAC,CAAC,CAAC,EAAE,CAAC,EAAE;MACb,CAAC,CAAC,CAAC,CAAC,CAAC,EAAE,CAAC,CAAC,CAAC,CAAC,CAAC,CAAC,CAAC,CAAC,CAAC,CAAC,CAAC,CAAC,CAAC,CAAC,CAAC,CAAC,CAAC,CAAC,CAAC,CAAC,CAAC,CAAC,CAAC,CAAC,CAAC,CAAC,CAAC,CAAC,CAAC,CAAC,CAAC,CAAC,CAAC,CAAC,CAAC,CAAC,CAAC,CAAC,CAAC,EAAE,EAAE,CAAC,CAAC,CAAC,CAAC,CAAC,CAAC,CAAC,CAAC,CAAC,CAAC,CAAC,CAAC,CAAC,CAAC,CAAC,CAAC,CAAC,CAAC,CAAC,CAAC,CAAC,CAAC,CAAC,CAAC,CAAC,CAAC,CAAC,CAAC,CAAC,CAAC,CAAC,CAAC,CAAC,CAAC,CAAC,CAAC,CAAC,CAAC;IAC1F,CAAC;IACD,CAAC,CAAC,CAAC,CAAC,CAAC,CAAC,CAAC,CAAC,CAAC,CAAC,CAAC,CAAC,CAAC,CAAC,CAAC,EAAE,CAAC,EAAE;MAClB,CAAC,CAAC,CAAC,CAAC,CAAC,EAAE,CAAC,CAAC,EAAE,CAAC,CAAC,CAAC,CAAC,CAAC,CAAC,CAAC,CAAC,CAAC,CAAC,CAAC,CAAC,CAAC,CAAC,CAAC,CAAC,CAAC,CAAC,CAAC,CAAC,CAAC,CAAC,CAAC,CAAC,CAAC,CAAC,CAAC,CAAC,CAAC,CAAC,CAAC,CAAC,CAAC;IAC9C;EACF;AACF",
      "file": "C:/Users/cassi/Desktop/dev/vue-exam/src/components/molecules/ArticleListItem.vue",
      "sourceRoot": "",
      "sourcesContent": [
        "<template>\r\n  <div class=\"article list__item\">\r\n    <div class=\"accessory\">\r\n      <time>{{ formattedArticle.publishedDate }}</time>\r\n    </div>\r\n    <div class=\"main\">\r\n      <figure>\r\n        <picture :style=\"{ paddingTop: `${aspectRatio * 100}%` }\">\r\n          <source\r\n            media=\"(min-width: 768px)\"\r\n            :srcSet=\"formattedArticle.multimedia.largeThumb.url\"\r\n          >\r\n          <img\r\n            :src=\"formattedArticle.multimedia.fullImage.url\"\r\n            :alt=\"formattedArticle.multimedia.fullImage.caption\"\r\n          >\r\n        </picture>\r\n        <figcaption>{{ formattedArticle.multimedia.fullImage.copyright }}</figcaption>\r\n      </figure>\r\n      <h6>{{ formattedArticle.kicker }}</h6>\r\n      <h3>{{ formattedArticle.title }}</h3>\r\n      <p>{{ formattedArticle.abstract }}</p>\r\n      <span>{{ formattedArticle.byLine }}</span>\r\n    </div>\r\n  </div>\r\n</template>\r\n\r\n<script>\r\n\r\nimport Article from '@/models/Article'\r\n\r\nexport default {\r\n  name: 'ArticleListItem',\r\n  props: {\r\n    article: {\r\n      type: Object,\r\n      required: true\r\n    }\r\n  },\r\n  computed: {\r\n    aspectRatio () {\r\n      return this.article.multimedia.fullImage.height / this.article.multimedia.fullImage.width\r\n    },\r\n    formattedArticle () {\r\n      return new Article(this.article).format('LL')\r\n    }\r\n  }\r\n}\r\n\r\n</script>\r\n\r\n<style lang=\"scss\" scoped>\r\n\r\n  .article.list__item {\r\n    display: flex;\r\n    flex-direction: column;\r\n\r\n    box-shadow: 0 5px 10px rgba(0, 0, 0, .05), 0 0 5px rgba(0, 0, 0, .06);\r\n    cursor: pointer;\r\n    padding: 1rem;\r\n    position: relative;\r\n\r\n    @media (min-width: 768px) {\r\n      box-shadow: initial;\r\n      flex-direction: initial;\r\n\r\n      padding: 1rem 3rem;\r\n\r\n      transition: 250ms border-color, 250ms box-shadow;\r\n    }\r\n\r\n    @media (min-width: 1280px) {\r\n      padding: 1rem;\r\n    }\r\n\r\n    .accessory {\r\n      border-top: 1px solid var(--accent-secondary);\r\n      margin-top: .5rem;\r\n      order: 2;\r\n      padding-top: .5rem;\r\n\r\n      time {\r\n        color: var(--text-secondary);\r\n        font-family: 'Roboto', sans-serif;\r\n        font-size: .75rem;\r\n      }\r\n\r\n      @media (min-width: 768px) {\r\n        border: initial;\r\n        order: initial;\r\n        padding: initial;\r\n\r\n        flex: 0 0 7.5rem;\r\n        margin: .5rem 0;\r\n      }\r\n    }\r\n\r\n    .main {\r\n      flex: 1 1 auto;\r\n\r\n      figure {\r\n        margin-bottom: 2rem;\r\n\r\n        picture {\r\n          display: block;\r\n          position: relative;\r\n\r\n          img {\r\n            width: 100%;\r\n\r\n            position: absolute;\r\n            top: 0;\r\n            left: 0;\r\n            right: 0;\r\n            bottom: 0;\r\n\r\n            @media (min-width: 768px) {\r\n              position: initial;\r\n              top: initial;\r\n              left: initial;\r\n              right: initial;\r\n              bottom: initial;\r\n            }\r\n          }\r\n\r\n          @media (min-width: 768px) {\r\n            padding: initial !important;\r\n            position: initial;\r\n          }\r\n        }\r\n\r\n        figcaption {\r\n          color: var(--text-secondary);\r\n          font-family: 'Roboto', sans-serif;\r\n          font-size: .625rem;\r\n          text-transform: uppercase;\r\n          text-align: right;\r\n        }\r\n\r\n        @media (min-width: 768px) {\r\n          width: 180px;\r\n\r\n          float: right;\r\n          margin: 0 0 1rem 1rem;\r\n        }\r\n\r\n        @media (min-width: 1280px) {\r\n          width: 210px;\r\n        }\r\n      }\r\n\r\n      h6 {\r\n        color: var(--text-primary);\r\n        font-family: 'Roboto', sans-serif;\r\n        font-size: .675rem;\r\n        font-weight: 500;\r\n        margin-bottom: .25rem;\r\n        text-transform: uppercase;\r\n      }\r\n\r\n      h3 {\r\n        color: var(--header-normal);\r\n        font-size: 1.375rem;\r\n        line-height: 1.625rem;\r\n        margin-bottom: .5rem;\r\n      }\r\n\r\n      p {\r\n        color: var(--text-primary);\r\n        font-size: 1.125rem;\r\n        line-height: 1.375rem;\r\n        margin-bottom: .5rem;\r\n      }\r\n\r\n      span {\r\n        color: var(--text-secondary);\r\n        font-family: 'Roboto', sans-serif;\r\n        font-size: .75rem;\r\n      }\r\n    }\r\n\r\n    small {\r\n      color: var(--text-secondary);\r\n      font-family: 'Roboto', sans-serif;\r\n      font-size: .75rem;\r\n\r\n      position: absolute;\r\n      top: 1rem;\r\n      right: 1rem;\r\n    }\r\n\r\n    & + & {\r\n      margin-top: 1.5rem;\r\n\r\n      @media (min-width: 768px) {\r\n        margin: initial;\r\n\r\n        border-top: 1px solid var(--accent-secondary);\r\n      }\r\n    }\r\n\r\n    &:hover + & {\r\n      @media (min-width: 768px) {\r\n        border-color: transparent;\r\n      }\r\n    }\r\n\r\n    &:hover {\r\n      h3 {\r\n        text-decoration: underline;\r\n      }\r\n\r\n      @media (min-width: 768px) {\r\n        border-color: transparent !important;\r\n        box-shadow: 0 5px 10px rgba(0, 0, 0, .05), 0 0 5px rgba(0, 0, 0, .06);\r\n      }\r\n    }\r\n  }\r\n\r\n</style>\r\n"
      ]
    },
    "_coverageSchema": "1a1c01bbd47fc00a2c39e90264f33305004495a9",
    "hash": "9ccd1a6025118181957e58d629af4875977d1da0"
  },
  "C:\\Users\\cassi\\Desktop\\dev\\vue-exam\\src\\models\\Article.js": {
    "path": "C:\\Users\\cassi\\Desktop\\dev\\vue-exam\\src\\models\\Article.js",
    "statementMap": {
      "0": {
        "start": {
          "line": 6,
          "column": 4
        },
        "end": {
          "line": 6,
          "column": 73
        }
      },
      "1": {
        "start": {
          "line": 7,
          "column": 4
        },
        "end": {
          "line": 7,
          "column": 33
        }
      },
      "2": {
        "start": {
          "line": 8,
          "column": 4
        },
        "end": {
          "line": 8,
          "column": 44
        }
      },
      "3": {
        "start": {
          "line": 9,
          "column": 4
        },
        "end": {
          "line": 9,
          "column": 29
        }
      },
      "4": {
        "start": {
          "line": 10,
          "column": 4
        },
        "end": {
          "line": 10,
          "column": 66
        }
      },
      "5": {
        "start": {
          "line": 11,
          "column": 4
        },
        "end": {
          "line": 11,
          "column": 31
        }
      },
      "6": {
        "start": {
          "line": 12,
          "column": 4
        },
        "end": {
          "line": 12,
          "column": 37
        }
      },
      "7": {
        "start": {
          "line": 13,
          "column": 4
        },
        "end": {
          "line": 13,
          "column": 27
        }
      },
      "8": {
        "start": {
          "line": 14,
          "column": 4
        },
        "end": {
          "line": 14,
          "column": 27
        }
      },
      "9": {
        "start": {
          "line": 15,
          "column": 4
        },
        "end": {
          "line": 15,
          "column": 23
        }
      },
      "10": {
        "start": {
          "line": 16,
          "column": 4
        },
        "end": {
          "line": 16,
          "column": 23
        }
      },
      "11": {
        "start": {
          "line": 18,
          "column": 23
        },
        "end": {
          "line": 19,
          "column": 76
        }
      },
      "12": {
        "start": {
          "line": 19,
          "column": 43
        },
        "end": {
          "line": 19,
          "column": 75
        }
      },
      "13": {
        "start": {
          "line": 21,
          "column": 22
        },
        "end": {
          "line": 22,
          "column": 67
        }
      },
      "14": {
        "start": {
          "line": 22,
          "column": 43
        },
        "end": {
          "line": 22,
          "column": 66
        }
      },
      "15": {
        "start": {
          "line": 24,
          "column": 4
        },
        "end": {
          "line": 39,
          "column": 5
        }
      },
      "16": {
        "start": {
          "line": 43,
          "column": 4
        },
        "end": {
          "line": 46,
          "column": 5
        }
      }
    },
    "fnMap": {
      "0": {
        "name": "(anonymous_0)",
        "decl": {
          "start": {
            "line": 5,
            "column": 2
          },
          "end": {
            "line": 5,
            "column": 3
          }
        },
        "loc": {
          "start": {
            "line": 5,
            "column": 21
          },
          "end": {
            "line": 40,
            "column": 3
          }
        },
        "line": 5
      },
      "1": {
        "name": "(anonymous_1)",
        "decl": {
          "start": {
            "line": 19,
            "column": 27
          },
          "end": {
            "line": 19,
            "column": 28
          }
        },
        "loc": {
          "start": {
            "line": 19,
            "column": 43
          },
          "end": {
            "line": 19,
            "column": 75
          }
        },
        "line": 19
      },
      "2": {
        "name": "(anonymous_2)",
        "decl": {
          "start": {
            "line": 22,
            "column": 27
          },
          "end": {
            "line": 22,
            "column": 28
          }
        },
        "loc": {
          "start": {
            "line": 22,
            "column": 43
          },
          "end": {
            "line": 22,
            "column": 66
          }
        },
        "line": 22
      },
      "3": {
        "name": "(anonymous_3)",
        "decl": {
          "start": {
            "line": 42,
            "column": 2
          },
          "end": {
            "line": 42,
            "column": 3
          }
        },
        "loc": {
          "start": {
            "line": 42,
            "column": 27
          },
          "end": {
            "line": 47,
            "column": 3
          }
        },
        "line": 42
      }
    },
    "branchMap": {
      "0": {
        "loc": {
          "start": {
            "line": 6,
            "column": 14
          },
          "end": {
            "line": 6,
            "column": 73
          }
        },
        "type": "binary-expr",
        "locations": [
          {
            "start": {
              "line": 6,
              "column": 14
            },
            "end": {
              "line": 6,
              "column": 21
            }
          },
          {
            "start": {
              "line": 6,
              "column": 25
            },
            "end": {
              "line": 6,
              "column": 73
            }
          }
        ],
        "line": 6
      },
      "1": {
        "loc": {
          "start": {
            "line": 8,
            "column": 18
          },
          "end": {
            "line": 8,
            "column": 44
          }
        },
        "type": "binary-expr",
        "locations": [
          {
            "start": {
              "line": 8,
              "column": 18
            },
            "end": {
              "line": 8,
              "column": 29
            }
          },
          {
            "start": {
              "line": 8,
              "column": 33
            },
            "end": {
              "line": 8,
              "column": 44
            }
          }
        ],
        "line": 8
      },
      "2": {
        "loc": {
          "start": {
            "line": 10,
            "column": 25
          },
          "end": {
            "line": 10,
            "column": 66
          }
        },
        "type": "binary-expr",
        "locations": [
          {
            "start": {
              "line": 10,
              "column": 25
            },
            "end": {
              "line": 10,
              "column": 43
            }
          },
          {
            "start": {
              "line": 10,
              "column": 47
            },
            "end": {
              "line": 10,
              "column": 66
            }
          }
        ],
        "line": 10
      },
      "3": {
        "loc": {
          "start": {
            "line": 18,
            "column": 23
          },
          "end": {
            "line": 19,
            "column": 76
          }
        },
        "type": "binary-expr",
        "locations": [
          {
            "start": {
              "line": 18,
              "column": 23
            },
            "end": {
              "line": 18,
              "column": 55
            }
          },
          {
            "start": {
              "line": 19,
              "column": 6
            },
            "end": {
              "line": 19,
              "column": 76
            }
          }
        ],
        "line": 18
      },
      "4": {
        "loc": {
          "start": {
            "line": 21,
            "column": 22
          },
          "end": {
            "line": 22,
            "column": 67
          }
        },
        "type": "binary-expr",
        "locations": [
          {
            "start": {
              "line": 21,
              "column": 22
            },
            "end": {
              "line": 21,
              "column": 54
            }
          },
          {
            "start": {
              "line": 22,
              "column": 6
            },
            "end": {
              "line": 22,
              "column": 67
            }
          }
        ],
        "line": 21
      },
      "5": {
        "loc": {
          "start": {
            "line": 26,
            "column": 13
          },
          "end": {
            "line": 26,
            "column": 61
          }
        },
        "type": "binary-expr",
        "locations": [
          {
            "start": {
              "line": 26,
              "column": 13
            },
            "end": {
              "line": 26,
              "column": 44
            }
          },
          {
            "start": {
              "line": 26,
              "column": 48
            },
            "end": {
              "line": 26,
              "column": 61
            }
          }
        ],
        "line": 26
      },
      "6": {
        "loc": {
          "start": {
            "line": 27,
            "column": 15
          },
          "end": {
            "line": 27,
            "column": 67
          }
        },
        "type": "binary-expr",
        "locations": [
          {
            "start": {
              "line": 27,
              "column": 15
            },
            "end": {
              "line": 27,
              "column": 48
            }
          },
          {
            "start": {
              "line": 27,
              "column": 52
            },
            "end": {
              "line": 27,
              "column": 67
            }
          }
        ],
        "line": 27
      },
      "7": {
        "loc": {
          "start": {
            "line": 28,
            "column": 16
          },
          "end": {
            "line": 28,
            "column": 70
          }
        },
        "type": "binary-expr",
        "locations": [
          {
            "start": {
              "line": 28,
              "column": 16
            },
            "end": {
              "line": 28,
              "column": 50
            }
          },
          {
            "start": {
              "line": 28,
              "column": 54
            },
            "end": {
              "line": 28,
              "column": 70
            }
          }
        ],
        "line": 28
      },
      "8": {
        "loc": {
          "start": {
            "line": 29,
            "column": 17
          },
          "end": {
            "line": 29,
            "column": 73
          }
        },
        "type": "binary-expr",
        "locations": [
          {
            "start": {
              "line": 29,
              "column": 17
            },
            "end": {
              "line": 29,
              "column": 52
            }
          },
          {
            "start": {
              "line": 29,
              "column": 56
            },
            "end": {
              "line": 29,
              "column": 73
            }
          }
        ],
        "line": 29
      },
      "9": {
        "loc": {
          "start": {
            "line": 30,
            "column": 19
          },
          "end": {
            "line": 30,
            "column": 79
          }
        },
        "type": "binary-expr",
        "locations": [
          {
            "start": {
              "line": 30,
              "column": 19
            },
            "end": {
              "line": 30,
              "column": 56
            }
          },
          {
            "start": {
              "line": 30,
              "column": 60
            },
            "end": {
              "line": 30,
              "column": 79
            }
          }
        ],
        "line": 30
      },
      "10": {
        "loc": {
          "start": {
            "line": 33,
            "column": 13
          },
          "end": {
            "line": 33,
            "column": 63
          }
        },
        "type": "binary-expr",
        "locations": [
          {
            "start": {
              "line": 33,
              "column": 13
            },
            "end": {
              "line": 33,
              "column": 45
            }
          },
          {
            "start": {
              "line": 33,
              "column": 49
            },
            "end": {
              "line": 33,
              "column": 63
            }
          }
        ],
        "line": 33
      },
      "11": {
        "loc": {
          "start": {
            "line": 34,
            "column": 15
          },
          "end": {
            "line": 34,
            "column": 69
          }
        },
        "type": "binary-expr",
        "locations": [
          {
            "start": {
              "line": 34,
              "column": 15
            },
            "end": {
              "line": 34,
              "column": 49
            }
          },
          {
            "start": {
              "line": 34,
              "column": 53
            },
            "end": {
              "line": 34,
              "column": 69
            }
          }
        ],
        "line": 34
      },
      "12": {
        "loc": {
          "start": {
            "line": 35,
            "column": 16
          },
          "end": {
            "line": 35,
            "column": 72
          }
        },
        "type": "binary-expr",
        "locations": [
          {
            "start": {
              "line": 35,
              "column": 16
            },
            "end": {
              "line": 35,
              "column": 51
            }
          },
          {
            "start": {
              "line": 35,
              "column": 55
            },
            "end": {
              "line": 35,
              "column": 72
            }
          }
        ],
        "line": 35
      },
      "13": {
        "loc": {
          "start": {
            "line": 36,
            "column": 17
          },
          "end": {
            "line": 36,
            "column": 75
          }
        },
        "type": "binary-expr",
        "locations": [
          {
            "start": {
              "line": 36,
              "column": 17
            },
            "end": {
              "line": 36,
              "column": 53
            }
          },
          {
            "start": {
              "line": 36,
              "column": 57
            },
            "end": {
              "line": 36,
              "column": 75
            }
          }
        ],
        "line": 36
      },
      "14": {
        "loc": {
          "start": {
            "line": 37,
            "column": 19
          },
          "end": {
            "line": 37,
            "column": 81
          }
        },
        "type": "binary-expr",
        "locations": [
          {
            "start": {
              "line": 37,
              "column": 19
            },
            "end": {
              "line": 37,
              "column": 57
            }
          },
          {
            "start": {
              "line": 37,
              "column": 61
            },
            "end": {
              "line": 37,
              "column": 81
            }
          }
        ],
        "line": 37
      },
      "15": {
        "loc": {
          "start": {
            "line": 42,
            "column": 10
          },
          "end": {
            "line": 42,
            "column": 25
          }
        },
        "type": "default-arg",
        "locations": [
          {
            "start": {
              "line": 42,
              "column": 20
            },
            "end": {
              "line": 42,
              "column": 25
            }
          }
        ],
        "line": 42
      }
    },
    "s": {
      "0": 649,
      "1": 649,
      "2": 649,
      "3": 649,
      "4": 649,
      "5": 649,
      "6": 649,
      "7": 649,
      "8": 649,
      "9": 649,
      "10": 649,
      "11": 649,
      "12": 1600,
      "13": 649,
      "14": 400,
      "15": 649,
      "16": 249
    },
    "f": {
      "0": 649,
      "1": 1600,
      "2": 400,
      "3": 249
    },
    "b": {
      "0": [
        649,
        400
      ],
      "1": [
        649,
        400
      ],
      "2": [
        649,
        400
      ],
      "3": [
        649,
        400
      ],
      "4": [
        649,
        400
      ],
      "5": [
        649,
        400
      ],
      "6": [
        649,
        400
      ],
      "7": [
        649,
        400
      ],
      "8": [
        649,
        400
      ],
      "9": [
        649,
        400
      ],
      "10": [
        649,
        400
      ],
      "11": [
        649,
        400
      ],
      "12": [
        649,
        400
      ],
      "13": [
        649,
        400
      ],
      "14": [
        649,
        400
      ],
      "15": [
        6
      ]
    },
    "_coverageSchema": "1a1c01bbd47fc00a2c39e90264f33305004495a9",
    "hash": "2d7e01966c8001e65003f0b0ff05a670dc3db021"
  },
  "C:\\Users\\cassi\\Desktop\\dev\\vue-exam\\src\\components\\molecules\\ArticleListItemSkeleton.vue": {
    "path": "C:\\Users\\cassi\\Desktop\\dev\\vue-exam\\src\\components\\molecules\\ArticleListItemSkeleton.vue",
    "statementMap": {
      "0": {
        "start": {
          "line": 7,
          "column": 6
        },
        "end": {
          "line": 9,
          "column": 7
        }
      },
      "1": {
        "start": {
          "line": 8,
          "column": 8
        },
        "end": {
          "line": 8,
          "column": 37
        }
      },
      "2": {
        "start": {
          "line": 12,
          "column": 6
        },
        "end": {
          "line": 14,
          "column": 7
        }
      },
      "3": {
        "start": {
          "line": 13,
          "column": 8
        },
        "end": {
          "line": 13,
          "column": 37
        }
      },
      "4": {
        "start": {
          "line": 17,
          "column": 6
        },
        "end": {
          "line": 19,
          "column": 7
        }
      },
      "5": {
        "start": {
          "line": 18,
          "column": 8
        },
        "end": {
          "line": 18,
          "column": 37
        }
      },
      "6": {
        "start": {
          "line": 22,
          "column": 6
        },
        "end": {
          "line": 24,
          "column": 7
        }
      },
      "7": {
        "start": {
          "line": 23,
          "column": 8
        },
        "end": {
          "line": 23,
          "column": 37
        }
      },
      "8": {
        "start": {
          "line": 29,
          "column": 6
        },
        "end": {
          "line": 29,
          "column": 59
        }
      },
      "9": {
        "start": {
          "line": 32,
          "column": 6
        },
        "end": {
          "line": 32,
          "column": 67
        }
      }
    },
    "fnMap": {
      "0": {
        "name": "(anonymous_0)",
        "decl": {
          "start": {
            "line": 6,
            "column": 4
          },
          "end": {
            "line": 6,
            "column": 5
          }
        },
        "loc": {
          "start": {
            "line": 6,
            "column": 14
          },
          "end": {
            "line": 10,
            "column": 5
          }
        },
        "line": 6
      },
      "1": {
        "name": "(anonymous_1)",
        "decl": {
          "start": {
            "line": 7,
            "column": 43
          },
          "end": {
            "line": 7,
            "column": 44
          }
        },
        "loc": {
          "start": {
            "line": 8,
            "column": 8
          },
          "end": {
            "line": 8,
            "column": 37
          }
        },
        "line": 8
      },
      "2": {
        "name": "(anonymous_2)",
        "decl": {
          "start": {
            "line": 11,
            "column": 4
          },
          "end": {
            "line": 11,
            "column": 5
          }
        },
        "loc": {
          "start": {
            "line": 11,
            "column": 13
          },
          "end": {
            "line": 15,
            "column": 5
          }
        },
        "line": 11
      },
      "3": {
        "name": "(anonymous_3)",
        "decl": {
          "start": {
            "line": 12,
            "column": 44
          },
          "end": {
            "line": 12,
            "column": 45
          }
        },
        "loc": {
          "start": {
            "line": 13,
            "column": 8
          },
          "end": {
            "line": 13,
            "column": 37
          }
        },
        "line": 13
      },
      "4": {
        "name": "(anonymous_4)",
        "decl": {
          "start": {
            "line": 16,
            "column": 4
          },
          "end": {
            "line": 16,
            "column": 5
          }
        },
        "loc": {
          "start": {
            "line": 16,
            "column": 16
          },
          "end": {
            "line": 20,
            "column": 5
          }
        },
        "line": 16
      },
      "5": {
        "name": "(anonymous_5)",
        "decl": {
          "start": {
            "line": 17,
            "column": 45
          },
          "end": {
            "line": 17,
            "column": 46
          }
        },
        "loc": {
          "start": {
            "line": 18,
            "column": 8
          },
          "end": {
            "line": 18,
            "column": 37
          }
        },
        "line": 18
      },
      "6": {
        "name": "(anonymous_6)",
        "decl": {
          "start": {
            "line": 21,
            "column": 4
          },
          "end": {
            "line": 21,
            "column": 5
          }
        },
        "loc": {
          "start": {
            "line": 21,
            "column": 14
          },
          "end": {
            "line": 25,
            "column": 5
          }
        },
        "line": 21
      },
      "7": {
        "name": "(anonymous_7)",
        "decl": {
          "start": {
            "line": 22,
            "column": 44
          },
          "end": {
            "line": 22,
            "column": 45
          }
        },
        "loc": {
          "start": {
            "line": 23,
            "column": 8
          },
          "end": {
            "line": 23,
            "column": 37
          }
        },
        "line": 23
      },
      "8": {
        "name": "(anonymous_8)",
        "decl": {
          "start": {
            "line": 28,
            "column": 4
          },
          "end": {
            "line": 28,
            "column": 5
          }
        },
        "loc": {
          "start": {
            "line": 28,
            "column": 32
          },
          "end": {
            "line": 30,
            "column": 5
          }
        },
        "line": 28
      },
      "9": {
        "name": "(anonymous_9)",
        "decl": {
          "start": {
            "line": 31,
            "column": 4
          },
          "end": {
            "line": 31,
            "column": 5
          }
        },
        "loc": {
          "start": {
            "line": 31,
            "column": 30
          },
          "end": {
            "line": 33,
            "column": 5
          }
        },
        "line": 31
      }
    },
    "branchMap": {},
    "s": {
      "0": 33,
      "1": 184,
      "2": 210,
      "3": 2037,
      "4": 210,
      "5": 12685,
      "6": 210,
      "7": 2130,
      "8": 18119,
      "9": 663
    },
    "f": {
      "0": 33,
      "1": 184,
      "2": 210,
      "3": 2037,
      "4": 210,
      "5": 12685,
      "6": 210,
      "7": 2130,
      "8": 18119,
      "9": 663
    },
    "b": {},
    "inputSourceMap": {
      "version": 3,
      "sources": [
        "C:\\Users\\cassi\\Desktop\\dev\\vue-exam\\src\\components\\molecules\\ArticleListItemSkeleton.vue"
      ],
      "names": [],
      "mappings": ";;AA+CA,CAAC,CAAC,CAAC,CAAC,CAAC,EAAE,CAAC,CAAC,CAAC,CAAC,CAAC,CAAC,EAAE;EACb,CAAC,CAAC,CAAC,CAAC,EAAE,CAAC,CAAC,CAAC,CAAC,CAAC,CAAC,CAAC,CAAC,CAAC,CAAC,CAAC,CAAC,CAAC,CAAC,CAAC,CAAC,CAAC,CAAC,CAAC,CAAC,CAAC,CAAC,CAAC,CAAC,CAAC;EAC/B,CAAC,CAAC,CAAC,CAAC,CAAC,CAAC,CAAC,CAAC,EAAE;IACR,CAAC,CAAC,CAAC,CAAC,CAAC,EAAE,CAAC,EAAE;MACR,CAAC,CAAC,CAAC,CAAC,CAAC,EAAE,CAAC,CAAC,CAAC,CAAC,CAAC,CAAC,CAAC,CAAC,CAAC,CAAC,CAAC,CAAC,CAAC,CAAC,CAAC,CAAC,CAAC,CAAC,CAAC,CAAC,CAAC,EAAE,CAAC,CAAC,CAAC,CAAC,CAAC,CAAC,CAAC,CAAC,EAAE,CAAC;QACvC,CAAC,CAAC,CAAC,CAAC,CAAC,CAAC,CAAC,CAAC,CAAC,CAAC,CAAC,CAAC,CAAC,CAAC,CAAC,CAAC,CAAC,CAAC,CAAC,CAAC,CAAC,CAAC,CAAC,CAAC,EAAE,CAAC,CAAC;MAC9B;IACF,CAAC;IACD,CAAC,CAAC,CAAC,CAAC,EAAE,CAAC,EAAE;MACP,CAAC,CAAC,CAAC,CAAC,CAAC,EAAE,CAAC,CAAC,CAAC,CAAC,CAAC,CAAC,CAAC,CAAC,CAAC,CAAC,CAAC,CAAC,CAAC,CAAC,CAAC,CAAC,CAAC,CAAC,CAAC,CAAC,CAAC,EAAE,CAAC,CAAC,CAAC,CAAC,CAAC,CAAC,CAAC,CAAC,CAAC,EAAE,CAAC;QACxC,CAAC,CAAC,CAAC,CAAC,CAAC,CAAC,CAAC,CAAC,CAAC,CAAC,CAAC,CAAC,CAAC,CAAC,CAAC,CAAC,CAAC,CAAC,CAAC,CAAC,CAAC,CAAC,CAAC,CAAC,EAAE,CAAC,CAAC;MAC9B;IACF,CAAC;IACD,CAAC,CAAC,CAAC,CAAC,CAAC,CAAC,CAAC,EAAE,CAAC,EAAE;MACV,CAAC,CAAC,CAAC,CAAC,CAAC,EAAE,CAAC,CAAC,CAAC,CAAC,CAAC,CAAC,CAAC,CAAC,CAAC,CAAC,CAAC,CAAC,CAAC,CAAC,CAAC,CAAC,CAAC,CAAC,CAAC,CAAC,CAAC,CAAC,EAAE,CAAC,CAAC,CAAC,CAAC,CAAC,CAAC,CAAC,CAAC,CAAC,EAAE,CAAC;QACzC,CAAC,CAAC,CAAC,CAAC,CAAC,CAAC,CAAC,CAAC,CAAC,CAAC,CAAC,CAAC,CAAC,CAAC,CAAC,CAAC,CAAC,CAAC,CAAC,CAAC,CAAC,CAAC,CAAC,CAAC,EAAE,CAAC,CAAC;MAC9B;IACF,CAAC;IACD,CAAC,CAAC,CAAC,CAAC,CAAC,EAAE,CAAC,EAAE;MACR,CAAC,CAAC,CAAC,CAAC,CAAC,EAAE,CAAC,CAAC,CAAC,CAAC,CAAC,CAAC,CAAC,CAAC,CAAC,CAAC,CAAC,CAAC,CAAC,CAAC,CAAC,CAAC,CAAC,CAAC,CAAC,CAAC,CAAC,EAAE,CAAC,CAAC,CAAC,CAAC,CAAC,CAAC,CAAC,CAAC,CAAC,EAAE,CAAC;QACxC,CAAC,CAAC,CAAC,CAAC,CAAC,CAAC,CAAC,CAAC,CAAC,CAAC,CAAC,CAAC,CAAC,CAAC,CAAC,CAAC,CAAC,CAAC,CAAC,CAAC,CAAC,CAAC,CAAC,CAAC,EAAE,CAAC,CAAC;MAC9B;IACF;EACF,CAAC;EACD,CAAC,CAAC,CAAC,CAAC,CAAC,CAAC,CAAC,EAAE;IACP,CAAC,CAAC,CAAC,CAAC,CAAC,CAAC,CAAC,CAAC,CAAC,CAAC,CAAC,CAAC,CAAC,CAAC,CAAC,EAAE,CAAC,CAAC,CAAC,CAAC,CAAC,EAAE,CAAC,CAAC,EAAE;MAC1B,CAAC,CAAC,CAAC,CAAC,CAAC,EAAE,CAAC,CAAC,CAAC,CAAC,CAAC,CAAC,CAAC,CAAC,CAAC,CAAC,CAAC,CAAC,CAAC,CAAC,CAAC,CAAC,CAAC,CAAC,CAAC,CAAC,CAAC,CAAC,CAAC,EAAE,EAAE,CAAC,CAAC,EAAE,EAAE,CAAC,CAAC,CAAC,CAAC,CAAC,EAAE,EAAE,CAAC,CAAC,CAAC;IACtD,CAAC;IACD,CAAC,CAAC,CAAC,CAAC,CAAC,CAAC,CAAC,CAAC,CAAC,CAAC,CAAC,CAAC,CAAC,EAAE,CAAC,CAAC,CAAC,CAAC,CAAC,EAAE,CAAC,CAAC,EAAE;MACxB,CAAC,CAAC,CAAC,CAAC,CAAC,EAAE,CAAC,CAAC,CAAC,CAAC,CAAC,CAAC,EAAE,CAAC,CAAC,CAAC,CAAC,CAAC,CAAC,CAAC,CAAC,CAAC,CAAC,CAAC,CAAC,CAAC,CAAC,CAAC,CAAC,CAAC,CAAC,CAAC,CAAC,CAAC,CAAC,CAAC,CAAC,CAAC,CAAC,CAAC,CAAC,CAAC,CAAC,CAAC,CAAC,EAAE,CAAC,CAAC,CAAC,CAAC,CAAC,CAAC,CAAC,CAAC,CAAC,CAAC,CAAC;IAC9D;EACF;AACF",
      "file": "C:/Users/cassi/Desktop/dev/vue-exam/src/components/molecules/ArticleListItemSkeleton.vue",
      "sourceRoot": "",
      "sourcesContent": [
        "<template>\r\n  <div class=\"article list__item--skeleton\">\r\n    <div class=\"accessory\">\r\n      <span class=\"published-date\" />\r\n    </div>\r\n    <div class=\"main\">\r\n      <span\r\n        class=\"image\"\r\n        :style=\"{ 'padding-top': `${getRandomInteger(60, 110)}%` }\"\r\n      />\r\n      <div\r\n        v-if=\"getRandomInteger(1, 5) === 5\"\r\n        class=\"kicker\"\r\n      >\r\n        <span\r\n          v-for=\"(width, key) in kicker\"\r\n          :key=\"key\"\r\n          :style=\"{ 'width': `${width}px` }\"\r\n        />\r\n      </div>\r\n      <div class=\"title\">\r\n        <span\r\n          v-for=\"(width, key) in title\"\r\n          :key=\"key\"\r\n          :style=\"{ 'width': `${width}px` }\"\r\n        />\r\n      </div>\r\n      <div class=\"abstract\">\r\n        <span\r\n          v-for=\"(width, key) in abstract\"\r\n          :key=\"key\"\r\n          :style=\"{ 'width': `${width}px` }\"\r\n        />\r\n      </div>\r\n      <div class=\"by-line\">\r\n        <span\r\n          v-for=\"(width, key) in byLine\"\r\n          :key=\"key\"\r\n          :style=\"{ 'width': `${width}px` }\"\r\n        />\r\n      </div>\r\n    </div>\r\n  </div>\r\n</template>\r\n\r\n<script>\r\n\r\nexport default {\r\n  name: 'ArticleListItemSkeleton',\r\n  computed: {\r\n    kicker () {\r\n      return this.getRandomRange(4, 7).map(id =>\r\n        this.getRandomInteger(30, 70)\r\n      )\r\n    },\r\n    title () {\r\n      return this.getRandomRange(7, 12).map(id =>\r\n        this.getRandomInteger(30, 80)\r\n      )\r\n    },\r\n    abstract () {\r\n      return this.getRandomRange(50, 70).map(id =>\r\n        this.getRandomInteger(20, 80)\r\n      )\r\n    },\r\n    byLine () {\r\n      return this.getRandomRange(7, 13).map(id =>\r\n        this.getRandomInteger(10, 50)\r\n      )\r\n    }\r\n  },\r\n  methods: {\r\n    getRandomInteger (from, to) {\r\n      return Math.round(Math.random() * (to - from)) + from\r\n    },\r\n    getRandomRange (from, to) {\r\n      return [...new Array(this.getRandomInteger(from, to)).keys()]\r\n    }\r\n  }\r\n}\r\n\r\n</script>\r\n\r\n<style lang=\"scss\" scoped>\r\n\r\n  .article.list__item--skeleton {\r\n    display: flex;\r\n    flex-direction: column;\r\n\r\n    box-shadow: 0 5px 10px rgba(0, 0, 0, .05), 0 0 5px rgba(0, 0, 0, .06);\r\n    padding: 1rem;\r\n    position: relative;\r\n\r\n    animation: fadeInOut 1000ms ease-in-out infinite;\r\n\r\n    span {\r\n      width: 100%;\r\n\r\n      display: inline-block;\r\n      margin-right: .25rem;\r\n      border-radius: 2px;\r\n    }\r\n\r\n    .accessory {\r\n      border-top: 1px solid var(--accent-secondary);\r\n      margin-top: .5rem;\r\n      padding-top: .5rem;\r\n\r\n      order: 2;\r\n\r\n      .published-date {\r\n        background: var(--text-secondary);\r\n        height: .75rem;\r\n        width: 72px;\r\n      }\r\n\r\n      @media (min-width: 768px) {\r\n        border: initial;\r\n        order: initial;\r\n        padding: initial;\r\n\r\n        margin: .25rem 0;\r\n        flex: 0 0 7.5rem;\r\n      }\r\n    }\r\n\r\n    .main {\r\n      flex: 1 1 auto;\r\n\r\n      .image {\r\n        width: 100%;\r\n\r\n        background: rgba(204, 204, 204, .5);\r\n\r\n        @media (min-width: 768px) {\r\n          padding: initial !important;\r\n\r\n          width: 180px;\r\n          height: 120px;\r\n\r\n          float: right;\r\n          margin: 0 0 1rem 1rem;\r\n        }\r\n\r\n        @media (min-width: 1280px) {\r\n          width: 210px;\r\n          height: 140px;\r\n        }\r\n      }\r\n\r\n      .kicker {\r\n        margin-bottom: .25rem;\r\n\r\n        span {\r\n          background: rgba(51, 51, 51, .5);\r\n          height: .675rem;\r\n        }\r\n      }\r\n\r\n      .title {\r\n        margin-bottom: .5rem;\r\n\r\n        span {\r\n          background: rgba(0, 0, 0, .5);\r\n          height: 1.25rem;\r\n          margin-right: .3125rem;\r\n        }\r\n      }\r\n\r\n      .abstract {\r\n        margin-bottom: .5rem;\r\n\r\n        span {\r\n          background: rgba(51, 51, 51, .5);\r\n          height: 1rem;\r\n        }\r\n      }\r\n\r\n      .by-line {\r\n        span {\r\n          background: rgba(153, 153, 153, .5);\r\n          height: .75rem;\r\n        }\r\n      }\r\n    }\r\n\r\n    small {\r\n      color: rgba(153, 153, 153, .5);\r\n      font-family: 'Roboto', sans-serif;\r\n      font-size: .75rem;\r\
[...]
    "branchMap": {
      "0": {
        "loc": {
          "start": {
            "line": 21,
            "column": 14
          },
          "end": {
            "line": 21,
            "column": 39
          }
        },
        "type": "if",
        "locations": [
          {
            "start": {
              "line": 21,
              "column": 14
            },
            "end": {
              "line": 21,
              "column": 39
            }
          },
          {
            "start": {
              "line": 21,
              "column": 14
            },
            "end": {
              "line": 21,
              "column": 39
            }
          }
        ],
        "line": 21
      },
      "1": {
        "loc": {
          "start": {
            "line": 31,
            "column": 23
          },
          "end": {
            "line": 31,
            "column": 33
          }
        },
        "type": "default-arg",
        "locations": [
          {
            "start": {
              "line": 31,
              "column": 32
            },
            "end": {
              "line": 31,
              "column": 33
            }
          }
        ],
        "line": 31
      },
      "2": {
        "loc": {
          "start": {
            "line": 41,
            "column": 32
          },
          "end": {
            "line": 41,
            "column": 42
          }
        },
        "type": "default-arg",
        "locations": [
          {
            "start": {
              "line": 41,
              "column": 41
            },
            "end": {
              "line": 41,
              "column": 42
            }
          }
        ],
        "line": 41
      }
    },
    "s": {
      "0": 20,
      "1": 20,
      "2": 40,
      "3": 40,
      "4": 400,
      "5": 40,
      "6": 400,
      "7": 380,
      "8": 380,
      "9": 0,
      "10": 21,
      "11": 20,
      "12": 5,
      "13": 5,
      "14": 18,
      "15": 4
    },
    "f": {
      "0": 20,
      "1": 40,
      "2": 400,
      "3": 400,
      "4": 21,
      "5": 5,
      "6": 18,
      "7": 4
    },
    "b": {
      "0": [
        380,
        0
      ],
      "1": [
        0
      ],
      "2": [
        0
      ]
    },
    "_coverageSchema": "1a1c01bbd47fc00a2c39e90264f33305004495a9",
    "hash": "3511b3cad0a0077b62029ee03b1c58315be868e3"
  },
  "C:\\Users\\cassi\\Desktop\\dev\\vue-exam\\src\\store\\index.js": {
    "path": "C:\\Users\\cassi\\Desktop\\dev\\vue-exam\\src\\store\\index.js",
    "statementMap": {
      "0": {
        "start": {
          "line": 16,
          "column": 6
        },
        "end": {
          "line": 16,
          "column": 63
        }
      },
      "1": {
        "start": {
          "line": 19,
          "column": 6
        },
        "end": {
          "line": 19,
          "column": 54
        }
      },
      "2": {
        "start": {
          "line": 25,
          "column": 6
        },
        "end": {
          "line": 25,
          "column": 35
        }
      },
      "3": {
        "start": {
          "line": 28,
          "column": 6
        },
        "end": {
          "line": 28,
          "column": 56
        }
      },
      "4": {
        "start": {
          "line": 31,
          "column": 6
        },
        "end": {
          "line": 31,
          "column": 50
        }
      },
      "5": {
        "start": {
          "line": 34,
          "column": 6
        },
        "end": {
          "line": 34,
          "column": 30
        }
      },
      "6": {
        "start": {
          "line": 40,
          "column": 6
        },
        "end": {
          "line": 40,
          "column": 52
        }
      },
      "7": {
        "start": {
          "line": 43,
          "column": 27
        },
        "end": {
          "line": 43,
          "column": 32
        }
      },
      "8": {
        "start": {
          "line": 45,
          "column": 26
        },
        "end": {
          "line": 45,
          "column": 74
        }
      },
      "9": {
        "start": {
          "line": 47,
          "column": 6
        },
        "end": {
          "line": 47,
          "column": 83
        }
      },
      "10": {
        "start": {
          "line": 50,
          "column": 31
        },
        "end": {
          "line": 50,
          "column": 59
        }
      },
      "11": {
        "start": {
          "line": 52,
          "column": 6
        },
        "end": {
          "line": 52,
          "column": 55
        }
      },
      "12": {
        "start": {
          "line": 55,
          "column": 27
        },
        "end": {
          "line": 55,
          "column": 32
        }
      },
      "13": {
        "start": {
          "line": 57,
          "column": 28
        },
        "end": {
          "line": 57,
          "column": 88
        }
      },
      "14": {
        "start": {
          "line": 59,
          "column": 6
        },
        "end": {
          "line": 59,
          "column": 92
        }
      },
      "15": {
        "start": {
          "line": 62,
          "column": 33
        },
        "end": {
          "line": 62,
          "column": 68
        }
      },
      "16": {
        "start": {
          "line": 64,
          "column": 6
        },
        "end": {
          "line": 64,
          "column": 61
        }
      },
      "17": {
        "start": {
          "line": 67,
          "column": 6
        },
        "end": {
          "line": 73,
          "column": 7
        }
      },
      "18": {
        "start": {
          "line": 68,
          "column": 8
        },
        "end": {
          "line": 68,
          "column": 39
        }
      },
      "19": {
        "start": {
          "line": 69,
          "column": 8
        },
        "end": {
          "line": 69,
          "column": 29
        }
      },
      "20": {
        "start": {
          "line": 70,
          "column": 8
        },
        "end": {
          "line": 70,
          "column": 40
        }
      },
      "21": {
        "start": {
          "line": 72,
          "column": 8
        },
        "end": {
          "line": 72,
          "column": 40
        }
      }
    },
    "fnMap": {
      "0": {
        "name": "(anonymous_0)",
        "decl": {
          "start": {
            "line": 15,
            "column": 4
          },
          "end": {
            "line": 15,
            "column": 5
          }
        },
        "loc": {
          "start": {
            "line": 15,
            "column": 29
          },
          "end": {
            "line": 17,
            "column": 5
          }
        },
        "line": 15
      },
      "1": {
        "name": "(anonymous_1)",
        "decl": {
          "start": {
            "line": 18,
            "column": 4
          },
          "end": {
            "line": 18,
            "column": 5
          }
        },
        "loc": {
          "start": {
            "line": 18,
            "column": 34
          },
          "end": {
            "line": 20,
            "column": 5
          }
        },
        "line": 18
      },
      "2": {
        "name": "(anonymous_2)",
        "decl": {
          "start": {
            "line": 24,
            "column": 27
          },
          "end": {
            "line": 24,
            "column": 28
          }
        },
        "loc": {
          "start": {
            "line": 24,
            "column": 47
          },
          "end": {
            "line": 26,
            "column": 5
          }
        },
        "line": 24
      },
      "3": {
        "name": "(anonymous_3)",
        "decl": {
          "start": {
            "line": 27,
            "column": 21
          },
          "end": {
            "line": 27,
            "column": 22
          }
        },
        "loc": {
          "start": {
            "line": 27,
            "column": 41
          },
          "end": {
            "line": 29,
            "column": 5
          }
        },
        "line": 27
      },
      "4": {
        "name": "(anonymous_4)",
        "decl": {
          "start": {
            "line": 30,
            "column": 18
          },
          "end": {
            "line": 30,
            "column": 19
          }
        },
        "loc": {
          "start": {
            "line": 30,
            "column": 38
          },
          "end": {
            "line": 32,
            "column": 5
          }
        },
        "line": 30
      },
      "5": {
        "name": "(anonymous_5)",
        "decl": {
          "start": {
            "line": 33,
            "column": 21
          },
          "end": {
            "line": 33,
            "column": 22
          }
        },
        "loc": {
          "start": {
            "line": 33,
            "column": 41
          },
          "end": {
            "line": 35,
            "column": 5
          }
        },
        "line": 33
      },
      "6": {
        "name": "(anonymous_6)",
        "decl": {
          "start": {
            "line": 39,
            "column": 4
          },
          "end": {
            "line": 39,
            "column": 5
          }
        },
        "loc": {
          "start": {
            "line": 39,
            "column": 44
          },
          "end": {
            "line": 41,
            "column": 5
          }
        },
        "line": 39
      },
      "7": {
        "name": "(anonymous_7)",
        "decl": {
          "start": {
            "line": 42,
            "column": 4
          },
          "end": {
            "line": 42,
            "column": 5
          }
        },
        "loc": {
          "start": {
            "line": 42,
            "column": 45
          },
          "end": {
            "line": 48,
            "column": 5
          }
        },
        "line": 42
      },
      "8": {
        "name": "(anonymous_8)",
        "decl": {
          "start": {
            "line": 49,
            "column": 4
          },
          "end": {
            "line": 49,
            "column": 5
          }
        },
        "loc": {
          "start": {
            "line": 49,
            "column": 43
          },
          "end": {
            "line": 53,
            "column": 5
          }
        },
        "line": 49
      },
      "9": {
        "name": "(anonymous_9)",
        "decl": {
          "start": {
            "line": 54,
            "column": 4
          },
          "end": {
            "line": 54,
            "column": 5
          }
        },
        "loc": {
          "start": {
            "line": 54,
            "column": 54
          },
          "end": {
            "line": 60,
            "column": 5
          }
        },
        "line": 54
      },
      "10": {
        "name": "(anonymous_10)",
        "decl": {
          "start": {
            "line": 61,
            "column": 4
          },
          "end": {
            "line": 61,
            "column": 5
          }
        },
        "loc": {
          "start": {
            "line": 61,
            "column": 52
          },
          "end": {
            "line": 65,
            "column": 5
          }
        },
        "line": 61
      },
      "11": {
        "name": "(anonymous_11)",
        "decl": {
          "start": {
            "line": 66,
            "column": 4
          },
          "end": {
            "line": 66,
            "column": 5
          }
        },
        "loc": {
          "start": {
            "line": 66,
            "column": 28
          },
          "end": {
            "line": 74,
            "column": 5
          }
        },
        "line": 66
      }
    },
    "branchMap": {
      "0": {
        "loc": {
          "start": {
            "line": 16,
            "column": 13
          },
          "end": {
            "line": 16,
            "column": 63
          }
        },
        "type": "binary-expr",
        "locations": [
          {
            "start": {
              "line": 16,
              "column": 13
            },
            "end": {
              "line": 16,
              "column": 57
            }
          },
          {
            "start": {
              "line": 16,
              "column": 61
            },
            "end": {
              "line": 16,
              "column": 63
            }
          }
        ],
        "line": 16
      },
      "1": {
        "loc": {
          "start": {
            "line": 16,
            "column": 28
          },
          "end": {
            "line": 16,
            "column": 56
          }
        },
        "type": "binary-expr",
        "locations": [
          {
            "start": {
              "line": 16,
              "column": 28
            },
            "end": {
              "line": 16,
              "column": 47
            }
          },
          {
            "start": {
              "line": 16,
              "column": 51
            },
            "end": {
              "line": 16,
              "column": 56
            }
          }
        ],
        "line": 16
      },
      "2": {
        "loc": {
          "start": {
            "line": 19,
            "column": 25
          },
          "end": {
            "line": 19,
            "column": 53
          }
        },
        "type": "binary-expr",
        "locations": [
          {
            "start": {
              "line": 19,
              "column": 25
            },
            "end": {
              "line": 19,
              "column": 44
            }
          },
          {
            "start": {
              "line": 19,
              "column": 48
            },
            "end": {
              "line": 19,
              "column": 53
            }
          }
        ],
        "line": 19
      },
      "3": {
        "loc": {
          "start": {
            "line": 40,
            "column": 38
          },
          "end": {
            "line": 40,
            "column": 51
          }
        },
        "type": "binary-expr",
        "locations": [
          {
            "start": {
              "line": 40,
              "column": 38
            },
            "end": {
              "line": 40,
              "column": 43
            }
          },
          {
            "start": {
              "line": 40,
              "column": 47
            },
            "end": {
              "line": 40,
              "column": 51
            }
          }
        ],
        "line": 40
      },
      "4": {
        "loc": {
          "start": {
            "line": 45,
            "column": 48
          },
          "end": {
            "line": 45,
            "column": 73
          }
        },
        "type": "binary-expr",
        "locations": [
          {
            "start": {
              "line": 45,
              "column": 48
            },
            "end": {
              "line": 45,
              "column": 68
            }
          },
          {
            "start": {
              "line": 45,
              "column": 72
            },
            "end": {
              "line": 45,
              "column": 73
            }
          }
        ],
        "line": 45
      },
      "5": {
        "loc": {
          "start": {
            "line": 47,
            "column": 44
          },
          "end": {
            "line": 47,
            "column": 62
          }
        },
        "type": "binary-expr",
        "locations": [
          {
            "start": {
              "line": 47,
              "column": 44
            },
            "end": {
              "line": 47,
              "column": 56
            }
          },
          {
            "start": {
              "line": 47,
              "column": 60
            },
            "end": {
              "line": 47,
              "column": 62
            }
          }
        ],
        "line": 47
      },
      "6": {
        "loc": {
          "start": {
            "line": 57,
            "column": 59
          },
          "end": {
            "line": 57,
            "column": 87
          }
        },
        "type": "binary-expr",
        "locations": [
          {
            "start": {
              "line": 57,
              "column": 59
            },
            "end": {
              "line": 57,
              "column": 82
            }
          },
          {
            "start": {
              "line": 57,
              "column": 86
            },
            "end": {
              "line": 57,
              "column": 87
            }
          }
        ],
        "line": 57
      },
      "7": {
        "loc": {
          "start": {
            "line": 59,
            "column": 48
          },
          "end": {
            "line": 59,
            "column": 69
          }
        },
        "type": "binary-expr",
        "locations": [
          {
            "start": {
              "line": 59,
              "column": 48
            },
            "end": {
              "line": 59,
              "column": 63
            }
          },
          {
            "start": {
              "line": 59,
              "column": 67
            },
            "end": {
              "line": 59,
              "column": 69
            }
          }
        ],
        "line": 59
      }
    },
    "s": {
      "0": 48,
      "1": 45,
      "2": 23,
      "3": 25,
      "4": 22,
      "5": 39,
      "6": 23,
      "7": 21,
      "8": 21,
      "9": 20,
      "10": 18,
      "11": 18,
      "12": 5,
      "13": 5,
      "14": 5,
      "15": 4,
      "16": 4,
      "17": 20,
      "18": 20,
      "19": 20,
      "20": 19,
      "21": 0
    },
    "f": {
      "0": 48,
      "1": 45,
      "2": 23,
      "3": 25,
      "4": 22,
      "5": 39,
      "6": 23,
      "7": 21,
      "8": 18,
      "9": 5,
      "10": 4,
      "11": 20
    },
    "b": {
      "0": [
        48,
        23
      ],
      "1": [
        48,
        38
      ],
      "2": [
        45,
        36
      ],
      "3": [
        23,
        18
      ],
      "4": [
        21,
        18
      ],
      "5": [
        20,
        17
      ],
      "6": [
        5,
        4
      ],
      "7": [
        5,
        4
      ]
    },
    "_coverageSchema": "1a1c01bbd47fc00a2c39e90264f33305004495a9",
    "hash": "bc2c82e26828ed5bed41ea84b2d9a51ab8e9e225"
  },
  "C:\\Users\\cassi\\Desktop\\dev\\vue-exam\\src\\views\\App.vue": {
    "path": "C:\\Users\\cassi\\Desktop\\dev\\vue-exam\\src\\views\\App.vue",
    "statementMap": {},
    "fnMap": {},
    "branchMap": {},
    "s": {},
    "f": {},
    "b": {},
    "inputSourceMap": {
      "version": 3,
      "sources": [
        "C:\\Users\\cassi\\Desktop\\dev\\vue-exam\\src\\views\\App.vue"
      ],
      "names": [],
      "mappings": ";;AAMA,CAAC,CAAC,CAAC,CAAC,CAAC,EAAE,CAAC,CAAC,CAAC,CAAC,CAAC,CAAC,EAAE,EAAE,CAAC,CAAC,CAAC,CAAC,EAAE,CAAC,CAAC,CAAC,CAAC,EAAE",
      "file": "C:/Users/cassi/Desktop/dev/vue-exam/src/views/App.vue",
      "sourceRoot": "",
      "sourcesContent": [
        "<template>\n  <router-view />\n</template>\n\n<script>\n\nexport default { name: 'App' }\n\n</script>\n\n<style lang=\"scss\">\n\n  @import \"@/styles\";\n\n</style>\n"
      ]
    },
    "_coverageSchema": "1a1c01bbd47fc00a2c39e90264f33305004495a9",
    "hash": "f34f8d3c36be4bfe60096a47c5dc7b6bc425ca31"
  },
  "C:\\Users\\cassi\\Desktop\\dev\\vue-exam\\src\\main.js": {
    "path": "C:\\Users\\cassi\\Desktop\\dev\\vue-exam\\src\\main.js",
    "statementMap": {
      "0": {
        "start": {
          "line": 9,
          "column": 0
        },
        "end": {
          "line": 13,
          "column": 16
        }
      }
    },
    "fnMap": {},
    "branchMap": {},
    "s": {
      "0": 20
    },
    "f": {},
    "b": {},
    "_coverageSchema": "1a1c01bbd47fc00a2c39e90264f33305004495a9",
    "hash": "88ab2d4ee471d871fa78dda92cd7d95b8b10713f"
  }
}