<?xml version="1.0" encoding="UTF-8"?>
<coverage generated="1621873987239" clover="3.2.0">
  <project timestamp="1621873987239" name="All files">
    <metrics statements="107" coveredstatements="105" conditionals="69" coveredconditionals="65" methods="52" coveredmethods="52" elements="228" coveredelements="222" complexity="0" loc="107" ncloc="107" packages="10" files="16" classes="16"/>
    <package name="src">
      <metrics statements="1" coveredstatements="1" conditionals="0" coveredconditionals="0" methods="0" coveredmethods="0"/>
      <file name="main.js" path="C:\Users\cassi\Desktop\dev\vue-exam\src\main.js">
        <metrics statements="1" coveredstatements="1" conditionals="0" coveredconditionals="0" methods="0" coveredmethods="0"/>
        <line num="9" count="20" type="stmt"/>
      </file>
    </package>
    <package name="src.assets">
      <metrics statements="1" coveredstatements="1" conditionals="0" coveredconditionals="0" methods="0" coveredmethods="0"/>
      <file name="fonts.js" path="C:\Users\cassi\Desktop\dev\vue-exam\src\assets\fonts.js">
        <metrics statements="0" coveredstatements="0" conditionals="0" coveredconditionals="0" methods="0" coveredmethods="0"/>
      </file>
      <file name="icons.js" path="C:\Users\cassi\Desktop\dev\vue-exam\src\assets\icons.js">
        <metrics statements="1" coveredstatements="1" conditionals="0" coveredconditionals="0" methods="0" coveredmethods="0"/>
        <line num="10" count="20" type="stmt"/>
      </file>
    </package>
    <package name="src.components.atoms">
      <metrics statements="3" coveredstatements="3" conditionals="0" coveredconditionals="0" methods="3" coveredmethods="3"/>
      <file name="AppModal.vue" path="C:\Users\cassi\Desktop\dev\vue-exam\src\components\atoms\AppModal.vue">
        <metrics statements="3" coveredstatements="3" conditionals="0" coveredconditionals="0" methods="3" coveredmethods="3"/>
        <line num="32" count="239" type="stmt"/>
        <line num="38" count="6" type="stmt"/>
        <line num="41" count="4" type="stmt"/>
      </file>
    </package>
    <package name="src.components.molecules">
      <metrics statements="15" coveredstatements="15" conditionals="0" coveredconditionals="0" methods="15" coveredmethods="15"/>
      <file name="ArticleListItem.vue" path="C:\Users\cassi\Desktop\dev\vue-exam\src\components\molecules\ArticleListItem.vue">
        <metrics statements="2" coveredstatements="2" conditionals="0" coveredconditionals="0" methods="2" coveredmethods="2"/>
        <line num="42" count="243" type="stmt"/>
        <line num="45" count="243" type="stmt"/>
      </file>
      <file name="ArticleListItemSkeleton.vue" path="C:\Users\cassi\Desktop\dev\vue-exam\src\components\molecules\ArticleListItemSkeleton.vue">
        <metrics statements="10" coveredstatements="10" conditionals="0" coveredconditionals="0" methods="10" coveredmethods="10"/>
        <line num="52" count="33" type="stmt"/>
        <line num="53" count="184" type="stmt"/>
        <line num="57" count="210" type="stmt"/>
        <line num="58" count="2037" type="stmt"/>
        <line num="62" count="210" type="stmt"/>
        <line num="63" count="12685" type="stmt"/>
        <line num="67" count="210" type="stmt"/>
        <line num="68" count="2130" type="stmt"/>
        <line num="74" count="18119" type="stmt"/>
        <line num="77" count="663" type="stmt"/>
      </file>
      <file name="ArticleModal.vue" path="C:\Users\cassi\Desktop\dev\vue-exam\src\components\molecules\ArticleModal.vue">
        <metrics statements="2" coveredstatements="2" conditionals="0" coveredconditionals="0" methods="2" coveredmethods="2"/>
        <line num="78" count="6" type="stmt"/>
        <line num="81" count="6" type="stmt"/>
      </file>
      <file name="NewsButtonReturnToTop.vue" path="C:\Users\cassi\Desktop\dev\vue-exam\src\components\molecules\NewsButtonReturnToTop.vue">
        <metrics statements="1" coveredstatements="1" conditionals="0" coveredconditionals="0" methods="1" coveredmethods="1"/>
        <line num="16" count="2" type="stmt"/>
      </file>
    </package>
    <package name="src.components.organisms">
      <metrics statements="12" coveredstatements="12" conditionals="8" coveredconditionals="8" methods="4" coveredmethods="4"/>
      <file name="ArticleList.vue" path="C:\Users\cassi\Desktop\dev\vue-exam\src\components\organisms\ArticleList.vue">
        <metrics statements="12" coveredstatements="12" conditionals="8" coveredconditionals="8" methods="4" coveredmethods="4"/>
        <line num="71" count="20" type="stmt"/>
        <line num="72" count="50" type="stmt"/>
        <line num="73" count="50" type="cond" truecount="2" falsecount="0"/>
        <line num="74" count="27" type="cond" truecount="2" falsecount="0"/>
        <line num="75" count="4" type="cond" truecount="2" falsecount="0"/>
        <line num="76" count="1" type="stmt"/>
        <line num="78" count="3" type="stmt"/>
        <line num="83" count="50" type="cond" truecount="2" falsecount="0"/>
        <line num="84" count="5" type="stmt"/>
        <line num="88" count="20" type="stmt"/>
        <line num="89" count="23" type="stmt"/>
        <line num="91" count="23" type="stmt"/>
      </file>
    </package>
    <package name="src.models">
      <metrics statements="17" coveredstatements="17" conditionals="31" coveredconditionals="31" methods="4" coveredmethods="4"/>
      <file name="Article.js" path="C:\Users\cassi\Desktop\dev\vue-exam\src\models\Article.js">
        <metrics statements="17" coveredstatements="17" conditionals="31" coveredconditionals="31" methods="4" coveredmethods="4"/>
        <line num="6" count="649" type="cond" truecount="2" falsecount="0"/>
        <line num="7" count="649" type="stmt"/>
        <line num="8" count="649" type="cond" truecount="2" falsecount="0"/>
        <line num="9" count="649" type="stmt"/>
        <line num="10" count="649" type="cond" truecount="2" falsecount="0"/>
        <line num="11" count="649" type="stmt"/>
        <line num="12" count="649" type="stmt"/>
        <line num="13" count="649" type="stmt"/>
        <line num="14" count="649" type="stmt"/>
        <line num="15" count="649" type="stmt"/>
        <line num="16" count="649" type="stmt"/>
        <line num="18" count="649" type="cond" truecount="2" falsecount="0"/>
        <line num="19" count="1600" type="stmt"/>
        <line num="21" count="649" type="cond" truecount="2" falsecount="0"/>
        <line num="22" count="400" type="stmt"/>
        <line num="24" count="649" type="stmt"/>
        <line num="43" count="249" type="stmt"/>
      </file>
    </package>
    <package name="src.router">
      <metrics statements="2" coveredstatements="2" conditionals="0" coveredconditionals="0" methods="0" coveredmethods="0"/>
      <file name="index.js" path="C:\Users\cassi\Desktop\dev\vue-exam\src\router\index.js">
        <metrics statements="2" coveredstatements="2" conditionals="0" coveredconditionals="0" methods="0" coveredmethods="0"/>
        <line num="5" count="20" type="stmt"/>
        <line num="18" count="20" type="stmt"/>
      </file>
    </package>
    <package name="src.services">
      <metrics statements="22" coveredstatements="21" conditionals="6" coveredconditionals="2" methods="9" coveredmethods="9"/>
      <file name="Articles.js" path="C:\Users\cassi\Desktop\dev\vue-exam\src\services\Articles.js">
        <metrics statements="15" coveredstatements="14" conditionals="4" coveredconditionals="1" methods="8" coveredmethods="8"/>
        <line num="6" count="20" type="stmt"/>
        <line num="9" count="20" type="stmt"/>
        <line num="12" count="40" type="stmt"/>
        <line num="14" count="40" type="stmt"/>
        <line num="15" count="400" type="stmt"/>
        <line num="17" count="40" type="stmt"/>
        <line num="19" count="400" type="stmt"/>
        <line num="21" count="380" type="cond" truecount="1" falsecount="1"/>
        <line num="23" count="0" type="stmt"/>
        <line num="32" count="21" type="stmt"/>
        <line num="38" count="20" type="stmt"/>
        <line num="42" count="5" type="stmt"/>
        <line num="50" count="5" type="stmt"/>
        <line num="54" count="18" type="stmt"/>
        <line num="59" count="4" type="stmt"/>
      </file>
      <file name="api.js" path="C:\Users\cassi\Desktop\dev\vue-exam\src\services\api.js">
        <metrics statements="4" coveredstatements="4" conditionals="0" coveredconditionals="0" methods="1" coveredmethods="1"/>
        <line num="3" count="20" type="stmt"/>
        <line num="7" count="20" type="stmt"/>
        <line num="8" count="40" type="stmt"/>
        <line num="10" count="40" type="stmt"/>
      </file>
      <file name="dexie.js" path="C:\Users\cassi\Desktop\dev\vue-exam\src\services\dexie.js">
        <metrics statements="3" coveredstatements="3" conditionals="2" coveredconditionals="1" methods="0" coveredmethods="0"/>
        <line num="3" count="20" type="cond" truecount="1" falsecount="1"/>
        <line num="5" count="20" type="stmt"/>
        <line num="9" count="20" type="stmt"/>
      </file>
    </package>
    <package name="src.store">
      <metrics statements="22" coveredstatements="21" conditionals="16" coveredconditionals="16" methods="12" coveredmethods="12"/>
      <file name="index.js" path="C:\Users\cassi\Desktop\dev\vue-exam\src\store\index.js">
        <metrics statements="22" coveredstatements="21" conditionals="16" coveredconditionals="16" methods="12" coveredmethods="12"/>
        <line num="16" count="48" type="cond" truecount="4" falsecount="0"/>
        <line num="19" count="45" type="cond" truecount="2" falsecount="0"/>
        <line num="25" count="23" type="stmt"/>
        <line num="28" count="25" type="stmt"/>
        <line num="31" count="22" type="stmt"/>
        <line num="34" count="39" type="stmt"/>
        <line num="40" count="23" type="cond" truecount="2" falsecount="0"/>
        <line num="43" count="21" type="stmt"/>
        <line num="45" count="21" type="cond" truecount="2" falsecount="0"/>
        <line num="47" count="20" type="cond" truecount="2" falsecount="0"/>
        <line num="50" count="18" type="stmt"/>
        <line num="52" count="18" type="stmt"/>
        <line num="55" count="5" type="stmt"/>
        <line num="57" count="5" type="cond" truecount="2" falsecount="0"/>
        <line num="59" count="5" type="cond" truecount="2" falsecount="0"/>
        <line num="62" count="4" type="stmt"/>
        <line num="64" count="4" type="stmt"/>
        <line num="67" count="20" type="stmt"/>
        <line num="68" count="20" type="stmt"/>
        <line num="69" count="20" type="stmt"/>
        <line num="70" count="19" type="stmt"/>
        <line num="72" count="0" type="stmt"/>
      </file>
    </package>
    <package name="src.views">
      <metrics statements="12" coveredstatements="12" conditionals="8" coveredconditionals="8" methods="5" coveredmethods="5"/>
      <file name="News.vue" path="C:\Users\cassi\Desktop\dev\vue-exam\src\views\News.vue">
        <metrics statements="12" coveredstatements="12" conditionals="8" coveredconditionals="8" methods="5" coveredmethods="5"/>
        <line num="46" count="20" type="stmt"/>
        <line num="48" count="20" type="stmt"/>
        <line num="49" count="23" type="stmt"/>
        <line num="50" count="23" type="stmt"/>
        <line num="54" count="20" type="stmt"/>
        <line num="55" count="42" type="stmt"/>
        <line num="57" count="42" type="cond" truecount="6" falsecount="0"/>
        <line num="58" count="22" type="cond" truecount="2" falsecount="0"/>
        <line num="59" count="4" type="stmt"/>
        <line num="60" count="4" type="stmt"/>
        <line num="62" count="18" type="stmt"/>
        <line num="63" count="18" type="stmt"/>
      </file>
    </package>
  </project>
</coverage>
