{"C:\\Users\\cassi\\Desktop\\dev\\vue-exam\\src\\main.js": {"path":"C:\\Users\\cassi\\Desktop\\dev\\vue-exam\\src\\main.js","statementMap":{"0":{"start":{"line":9,"column":0},"end":{"line":13,"column":16}}},"fnMap":{},"branchMap":{},"s":{"0":20},"f":{},"b":{},"_coverageSchema":"1a1c01bbd47fc00a2c39e90264f33305004495a9","hash":"88ab2d4ee471d871fa78dda92cd7d95b8b10713f"}
,"C:\\Users\\cassi\\Desktop\\dev\\vue-exam\\src\\assets\\fonts.js": {"path":"C:\\Users\\cassi\\Desktop\\dev\\vue-exam\\src\\assets\\fonts.js","statementMap":{},"fnMap":{},"branchMap":{},"s":{},"f":{},"b":{},"_coverageSchema":"1a1c01bbd47fc00a2c39e90264f33305004495a9","hash":"38379bb1888421a000f74817ce29cfc0cb8989b6"}
,"C:\\Users\\cassi\\Desktop\\dev\\vue-exam\\src\\assets\\icons.js": {"path":"C:\\Users\\cassi\\Desktop\\dev\\vue-exam\\src\\assets\\icons.js","statementMap":{"0":{"start":{"line":10,"column":0},"end":{"line":15,"column":1}}},"fnMap":{},"branchMap":{},"s":{"0":20},"f":{},"b":{},"_coverageSchema":"1a1c01bbd47fc00a2c39e90264f33305004495a9","hash":"7aed2ff2d41dbfab8ab332836a986341cd4f7ff5"}
,"C:\\Users\\cassi\\Desktop\\dev\\vue-exam\\src\\components\\atoms\\AppModal.vue": {"path":"C:\\Users\\cassi\\Desktop\\dev\\vue-exam\\src\\components\\atoms\\AppModal.vue","statementMap":{"0":{"start":{"line":32,"column":4},"end":{"line":34,"column":null}},"1":{"start":{"line":38,"column":6},"end":{"line":38,"column":null}},"2":{"start":{"line":41,"column":6},"end":{"line":41,"column":null}}},"fnMap":{"0":{"name":"(anonymous_0)","decl":{"start":{"line":31,"column":2},"end":{"line":31,"column":3}},"loc":{"start":{"line":31,"column":10},"end":{"line":35,"column":3}}},"1":{"name":"(anonymous_1)","decl":{"start":{"line":37,"column":4},"end":{"line":37,"column":5}},"loc":{"start":{"line":37,"column":12},"end":{"line":39,"column":5}}},"2":{"name":"(anonymous_2)","decl":{"start":{"line":40,"column":4},"end":{"line":40,"column":5}},"loc":{"start":{"line":40,"column":13},"end":{"line":42,"column":null}}}},"branchMap":{},"s":{"0":239,"1":6,"2":4},"f":{"0":239,"1":6,"2":4},"b":{}}
,"C:\\Users\\cassi\\Desktop\\dev\\vue-exam\\src\\components\\molecules\\ArticleListItem.vue": {"path":"C:\\Users\\cassi\\Desktop\\dev\\vue-exam\\src\\components\\molecules\\ArticleListItem.vue","statementMap":{"0":{"start":{"line":42,"column":6},"end":{"line":42,"column":null}},"1":{"start":{"line":45,"column":6},"end":{"line":45,"column":null}}},"fnMap":{"0":{"name":"(anonymous_0)","decl":{"start":{"line":41,"column":4},"end":{"line":41,"column":5}},"loc":{"start":{"line":41,"column":19},"end":{"line":43,"column":5}}},"1":{"name":"(anonymous_1)","decl":{"start":{"line":44,"column":4},"end":{"line":44,"column":5}},"loc":{"start":{"line":44,"column":24},"end":{"line":46,"column":null}}}},"branchMap":{},"s":{"0":243,"1":243},"f":{"0":243,"1":243},"b":{}}
,"C:\\Users\\cassi\\Desktop\\dev\\vue-exam\\src\\components\\molecules\\ArticleListItemSkeleton.vue": {"path":"C:\\Users\\cassi\\Desktop\\dev\\vue-exam\\src\\components\\molecules\\ArticleListItemSkeleton.vue","statementMap":{"0":{"start":{"line":52,"column":6},"end":{"line":54,"column":null}},"1":{"start":{"line":53,"column":8},"end":{"line":53,"column":null}},"2":{"start":{"line":57,"column":6},"end":{"line":59,"column":null}},"3":{"start":{"line":58,"column":8},"end":{"line":58,"column":null}},"4":{"start":{"line":62,"column":6},"end":{"line":64,"column":null}},"5":{"start":{"line":63,"column":8},"end":{"line":63,"column":null}},"6":{"start":{"line":67,"column":6},"end":{"line":69,"column":null}},"7":{"start":{"line":68,"column":8},"end":{"line":68,"column":null}},"8":{"start":{"line":74,"column":6},"end":{"line":74,"column":null}},"9":{"start":{"line":77,"column":6},"end":{"line":77,"column":null}}},"fnMap":{"0":{"name":"(anonymous_0)","decl":{"start":{"line":51,"column":4},"end":{"line":51,"column":5}},"loc":{"start":{"line":51,"column":14},"end":{"line":55,"column":5}}},"1":{"name":"(anonymous_1)","decl":{"start":{"line":52,"column":43},"end":{"line":52,"column":44}},"loc":{"start":{"line":53,"column":8},"end":{"line":53,"column":null}}},"2":{"name":"(anonymous_2)","decl":{"start":{"line":56,"column":4},"end":{"line":56,"column":5}},"loc":{"start":{"line":56,"column":13},"end":{"line":60,"column":5}}},"3":{"name":"(anonymous_3)","decl":{"start":{"line":57,"column":44},"end":{"line":57,"column":45}},"loc":{"start":{"line":58,"column":8},"end":{"line":58,"column":null}}},"4":{"name":"(anonymous_4)","decl":{"start":{"line":61,"column":4},"end":{"line":61,"column":5}},"loc":{"start":{"line":61,"column":16},"end":{"line":65,"column":5}}},"5":{"name":"(anonymous_5)","decl":{"start":{"line":62,"column":45},"end":{"line":62,"column":46}},"loc":{"start":{"line":63,"column":8},"end":{"line":63,"column":null}}},"6":{"name":"(anonymous_6)","decl":{"start":{"line":66,"column":4},"end":{"line":66,"column":5}},"loc":{"start":{"line":66,"column":14},"end":{"line":70,"column":null}}},"7":{"name":"(anonymous_7)","decl":{"start":{"line":67,"column":44},"end":{"line":67,"column":45}},"loc":{"start":{"line":68,"column":8},"end":{"line":68,"column":null}}},"8":{"name":"(anonymous_8)","decl":{"start":{"line":73,"column":4},"end":{"line":73,"column":5}},"loc":{"start":{"line":73,"column":32},"end":{"line":75,"column":5}}},"9":{"name":"(anonymous_9)","decl":{"start":{"line":76,"column":4},"end":{"line":76,"column":5}},"loc":{"start":{"line":76,"column":30},"end":{"line":78,"column":null}}}},"branchMap":{},"s":{"0":33,"1":184,"2":210,"3":2037,"4":210,"5":12685,"6":210,"7":2130,"8":18119,"9":663},"f":{"0":33,"1":184,"2":210,"3":2037,"4":210,"5":12685,"6":210,"7":2130,"8":18119,"9":663},"b":{}}
,"C:\\Users\\cassi\\Desktop\\dev\\vue-exam\\src\\components\\molecules\\ArticleModal.vue": {"path":"C:\\Users\\cassi\\Desktop\\dev\\vue-exam\\src\\components\\molecules\\ArticleModal.vue","statementMap":{"0":{"start":{"line":78,"column":6},"end":{"line":78,"column":null}},"1":{"start":{"line":81,"column":6},"end":{"line":81,"column":null}}},"fnMap":{"0":{"name":"(anonymous_0)","decl":{"start":{"line":77,"column":4},"end":{"line":77,"column":5}},"loc":{"start":{"line":77,"column":19},"end":{"line":79,"column":5}}},"1":{"name":"(anonymous_1)","decl":{"start":{"line":80,"column":4},"end":{"line":80,"column":5}},"loc":{"start":{"line":80,"column":24},"end":{"line":82,"column":null}}}},"branchMap":{},"s":{"0":6,"1":6},"f":{"0":6,"1":6},"b":{}}
,"C:\\Users\\cassi\\Desktop\\dev\\vue-exam\\src\\components\\molecules\\NewsButtonReturnToTop.vue": {"path":"C:\\Users\\cassi\\Desktop\\dev\\vue-exam\\src\\components\\molecules\\NewsButtonReturnToTop.vue","statementMap":{"0":{"start":{"line":16,"column":6},"end":{"line":16,"column":null}}},"fnMap":{"0":{"name":"(anonymous_0)","decl":{"start":{"line":15,"column":4},"end":{"line":15,"column":5}},"loc":{"start":{"line":15,"column":19},"end":{"line":17,"column":null}}}},"branchMap":{},"s":{"0":2},"f":{"0":2},"b":{}}
,"C:\\Users\\cassi\\Desktop\\dev\\vue-exam\\src\\components\\organisms\\ArticleList.vue": {"path":"C:\\Users\\cassi\\Desktop\\dev\\vue-exam\\src\\components\\organisms\\ArticleList.vue","statementMap":{"0":{"start":{"line":71,"column":4},"end":{"line":86,"column":null}},"1":{"start":{"line":72,"column":22},"end":{"line":72,"column":null}},"2":{"start":{"line":73,"column":6},"end":{"line":81,"column":null}},"3":{"start":{"line":74,"column":8},"end":{"line":80,"column":null}},"4":{"start":{"line":75,"column":10},"end":{"line":79,"column":null}},"5":{"start":{"line":76,"column":12},"end":{"line":76,"column":null}},"6":{"start":{"line":78,"column":12},"end":{"line":78,"column":null}},"7":{"start":{"line":83,"column":6},"end":{"line":85,"column":null}},"8":{"start":{"line":84,"column":8},"end":{"line":84,"column":null}},"9":{"start":{"line":88,"column":4},"end":{"line":93,"column":null}},"10":{"start":{"line":89,"column":12},"end":{"line":89,"column":30}},"11":{"start":{"line":91,"column":8},"end":{"line":91,"column":null}}},"fnMap":{"0":{"name":"(anonymous_0)","decl":{"start":{"line":70,"column":2},"end":{"line":70,"column":3}},"loc":{"start":{"line":70,"column":13},"end":{"line":94,"column":3}}},"1":{"name":"(anonymous_1)","decl":{"start":{"line":71,"column":45},"end":{"line":71,"column":46}},"loc":{"start":{"line":71,"column":56},"end":{"line":86,"column":5}}},"2":{"name":"(anonymous_2)","decl":{"start":{"line":89,"column":6},"end":{"line":89,"column":7}},"loc":{"start":{"line":89,"column":12},"end":{"line":89,"column":30}}},"3":{"name":"(anonymous_3)","decl":{"start":{"line":90,"column":6},"end":{"line":90,"column":7}},"loc":{"start":{"line":90,"column":12},"end":{"line":92,"column":7}}}},"branchMap":{"0":{"loc":{"start":{"line":73,"column":6},"end":{"line":81,"column":null}},"type":"if","locations":[{"start":{"line":73,"column":6},"end":{"line":81,"column":null}},{"start":{"line":73,"column":6},"end":{"line":81,"column":null}}]},"1":{"loc":{"start":{"line":74,"column":8},"end":{"line":80,"column":null}},"type":"if","locations":[{"start":{"line":74,"column":8},"end":{"line":80,"column":null}},{"start":{"line":74,"column":8},"end":{"line":80,"column":null}}]},"2":{"loc":{"start":{"line":75,"column":10},"end":{"line":79,"column":null}},"type":"if","locations":[{"start":{"line":75,"column":10},"end":{"line":79,"column":null}},{"start":{"line":75,"column":10},"end":{"line":79,"column":null}}]},"3":{"loc":{"start":{"line":83,"column":6},"end":{"line":85,"column":null}},"type":"if","locations":[{"start":{"line":83,"column":6},"end":{"line":85,"column":null}},{"start":{"line":83,"column":6},"end":{"line":85,"column":null}}]}},"s":{"0":20,"1":50,"2":50,"3":27,"4":4,"5":1,"6":3,"7":50,"8":5,"9":20,"10":23,"11":23},"f":{"0":20,"1":50,"2":23,"3":23},"b":{"0":[27,23],"1":[4,23],"2":[1,3],"3":[5,45]}}
,"C:\\Users\\cassi\\Desktop\\dev\\vue-exam\\src\\models\\Article.js": {"path":"C:\\Users\\cassi\\Desktop\\dev\\vue-exam\\src\\models\\Article.js","statementMap":{"0":{"start":{"line":6,"column":4},"end":{"line":6,"column":73}},"1":{"start":{"line":7,"column":4},"end":{"line":7,"column":33}},"2":{"start":{"line":8,"column":4},"end":{"line":8,"column":44}},"3":{"start":{"line":9,"column":4},"end":{"line":9,"column":29}},"4":{"start":{"line":10,"column":4},"end":{"line":10,"column":66}},"5":{"start":{"line":11,"column":4},"end":{"line":11,"column":31}},"6":{"start":{"line":12,"column":4},"end":{"line":12,"column":37}},"7":{"start":{"line":13,"column":4},"end":{"line":13,"column":27}},"8":{"start":{"line":14,"column":4},"end":{"line":14,"column":27}},"9":{"start":{"line":15,"column":4},"end":{"line":15,"column":23}},"10":{"start":{"line":16,"column":4},"end":{"line":16,"column":23}},"11":{"start":{"line":18,"column":23},"end":{"line":19,"column":76}},"12":{"start":{"line":19,"column":43},"end":{"line":19,"column":75}},"13":{"start":{"line":21,"column":22},"end":{"line":22,"column":67}},"14":{"start":{"line":22,"column":43},"end":{"line":22,"column":66}},"15":{"start":{"line":24,"column":4},"end":{"line":39,"column":5}},"16":{"start":{"line":43,"column":4},"end":{"line":46,"column":5}}},"fnMap":{"0":{"name":"(anonymous_0)","decl":{"start":{"line":5,"column":2},"end":{"line":5,"column":3}},"loc":{"start":{"line":5,"column":21},"end":{"line":40,"column":3}},"line":5},"1":{"name":"(anonymous_1)","decl":{"start":{"line":19,"column":27},"end":{"line":19,"column":28}},"loc":{"start":{"line":19,"column":43},"end":{"line":19,"column":75}},"line":19},"2":{"name":"(anonymous_2)","decl":{"start":{"line":22,"column":27},"end":{"line":22,"column":28}},"loc":{"start":{"line":22,"column":43},"end":{"line":22,"column":66}},"line":22},"3":{"name":"(anonymous_3)","decl":{"start":{"line":42,"column":2},"end":{"line":42,"column":3}},"loc":{"start":{"line":42,"column":27},"end":{"line":47,"column":3}},"line":42}},"branchMap":{"0":{"loc":{"start":{"line":6,"column":14},"end":{"line":6,"column":73}},"type":"binary-expr","locations":[{"start":{"line":6,"column":14},"end":{"line":6,"column":21}},{"start":{"line":6,"column":25},"end":{"line":6,"column":73}}],"line":6},"1":{"loc":{"start":{"line":8,"column":18},"end":{"line":8,"column":44}},"type":"binary-expr","locations":[{"start":{"line":8,"column":18},"end":{"line":8,"column":29}},{"start":{"line":8,"column":33},"end":{"line":8,"column":44}}],"line":8},"2":{"loc":{"start":{"line":10,"column":25},"end":{"line":10,"column":66}},"type":"binary-expr","locations":[{"start":{"line":10,"column":25},"end":{"line":10,"column":43}},{"start":{"line":10,"column":47},"end":{"line":10,"column":66}}],"line":10},"3":{"loc":{"start":{"line":18,"column":23},"end":{"line":19,"column":76}},"type":"binary-expr","locations":[{"start":{"line":18,"column":23},"end":{"line":18,"column":55}},{"start":{"line":19,"column":6},"end":{"line":19,"column":76}}],"line":18},"4":{"loc":{"start":{"line":21,"column":22},"end":{"line":22,"column":67}},"type":"binary-expr","locations":[{"start":{"line":21,"column":22},"end":{"line":21,"column":54}},{"start":{"line":22,"column":6},"end":{"line":22,"column":67}}],"line":21},"5":{"loc":{"start":{"line":26,"column":13},"end":{"line":26,"column":61}},"type":"binary-expr","locations":[{"start":{"line":26,"column":13},"end":{"line":26,"column":44}},{"start":{"line":26,"column":48},"end":{"line":26,"column":61}}],"line":26},"6":{"loc":{"start":{"line":27,"column":15},"end":{"line":27,"column":67}},"type":"binary-expr","locations":[{"start":{"line":27,"column":15},"end":{"line":27,"column":48}},{"start":{"line":27,"column":52},"end":{"line":27,"column":67}}],"line":27},"7":{"loc":{"start":{"line":28,"column":16},"end":{"line":28,"column":70}},"type":"binary-expr","locations":[{"start":{"line":28,"column":16},"end":{"line":28,"column":50}},{"start":{"line":28,"column":54},"end":{"line":28,"column":70}}],"line":28},"8":{"loc":{"start":{"line":29,"column":17},"end":{"line":29,"column":73}},"type":"binary-expr","locations":[{"start":{"line":29,"column":17},"end":{"line":29,"column":52}},{"start":{"line":29,"column":56},"end":{"line":29,"column":73}}],"line":29},"9":{"loc":{"start":{"line":30,"column":19},"end":{"line":30,"column":79}},"type":"binary-expr","locations":[{"start":{"line":30,"column":19},"end":{"line":30,"column":56}},{"start":{"line":30,"column":60},"end":{"line":30,"column":79}}],"line":30},"10":{"loc":{"start":{"line":33,"column":13},"end":{"line":33,"column":63}},"type":"binary-expr","locations":[{"start":{"line":33,"column":13},"end":{"line":33,"column":45}},{"start":{"line":33,"column":49},"end":{"line":33,"column":63}}],"line":33},"11":{"loc":{"start":{"line":34,"column":15},"end":{"line":34,"column":69}},"type":"binary-expr","locations":[{"start":{"line":34,"column":15},"end":{"line":34,"column":49}},{"start":{"line":34,"column":53},"end":{"line":34,"column":69}}],"line":34},"12":{"loc":{"start":{"line":35,"column":16},"end":{"line":35,"column":72}},"type":"binary-expr","locations":[{"start":{"line":35,"column":16},"end":{"line":35,"column":51}},{"start":{"line":35,"column":55},"end":{"line":35,"column":72}}],"line":35},"13":{"loc":{"start":{"line":36,"column":17},"end":{"line":36,"column":75}},"type":"binary-expr","locations":[{"start":{"line":36,"column":17},"end":{"line":36,"column":53}},{"start":{"line":36,"column":57},"end":{"line":36,"column":75}}],"line":36},"14":{"loc":{"start":{"line":37,"column":19},"end":{"line":37,"column":81}},"type":"binary-expr","locations":[{"start":{"line":37,"column":19},"end":{"line":37,"column":57}},{"start":{"line":37,"column":61},"end":{"line":37,"column":81}}],"line":37},"15":{"loc":{"start":{"line":42,"column":10},"end":{"line":42,"column":25}},"type":"default-arg","locations":[{"start":{"line":42,"column":20},"end":{"line":42,"column":25}}],"line":42}},"s":{"0":649,"1":649,"2":649,"3":649,"4":649,"5":649,"6":649,"7":649,"8":649,"9":649,"10":649,"11":649,"12":1600,"13":649,"14":400,"15":649,"16":249},"f":{"0":649,"1":1600,"2":400,"3":249},"b":{"0":[649,400],"1":[649,400],"2":[649,400],"3":[649,400],"4":[649,400],"5":[649,400],"6":[649,400],"7":[649,400],"8":[649,400],"9":[649,400],"10":[649,400],"11":[649,400],"12":[649,400],"13":[649,400],"14":[649,400],"15":[6]},"_coverageSchema":"1a1c01bbd47fc00a2c39e90264f33305004495a9","hash":"2d7e01966c8001e65003f0b0ff05a670dc3db021"}
,"C:\\Users\\cassi\\Desktop\\dev\\vue-exam\\src\\router\\index.js": {"path":"C:\\Users\\cassi\\Desktop\\dev\\vue-exam\\src\\router\\index.js","statementMap":{"0":{"start":{"line":5,"column":15},"end":{"line":16,"column":1}},"1":{"start":{"line":18,"column":15},"end":{"line":21,"column":2}}},"fnMap":{},"branchMap":{},"s":{"0":20,"1":20},"f":{},"b":{},"_coverageSchema":"1a1c01bbd47fc00a2c39e90264f33305004495a9","hash":"fb88e03b530f55432eed87515ece7858c5d55c82"}
,"C:\\Users\\cassi\\Desktop\\dev\\vue-exam\\src\\services\\Articles.js": {"path":"C:\\Users\\cassi\\Desktop\\dev\\vue-exam\\src\\services\\Articles.js","statementMap":{"0":{"start":{"line":6,"column":18},"end":{"line":6,"column":43}},"1":{"start":{"line":9,"column":4},"end":{"line":28,"column":5}},"2":{"start":{"line":12,"column":27},"end":{"line":12,"column":57}},"3":{"start":{"line":14,"column":27},"end":{"line":15,"column":61}},"4":{"start":{"line":15,"column":27},"end":{"line":15,"column":60}},"5":{"start":{"line":17,"column":10},"end":{"line":25,"column":11}},"6":{"start":{"line":19,"column":36},"end":{"line":19,"column":79}},"7":{"start":{"line":21,"column":14},"end":{"line":21,"column":39}},"8":{"start":{"line":21,"column":33},"end":{"line":21,"column":39}},"9":{"start":{"line":23,"column":14},"end":{"line":23,"column":44}},"10":{"start":{"line":32,"column":24},"end":{"line":36,"column":16}},"11":{"start":{"line":38,"column":4},"end":{"line":38,"column":22}},"12":{"start":{"line":42,"column":26},"end":{"line":48,"column":16}},"13":{"start":{"line":50,"column":4},"end":{"line":50,"column":24}},"14":{"start":{"line":54,"column":4},"end":{"line":55,"column":14}},"15":{"start":{"line":59,"column":4},"end":{"line":62,"column":14}}},"fnMap":{"0":{"name":"(anonymous_0)","decl":{"start":{"line":8,"column":2},"end":{"line":8,"column":3}},"loc":{"start":{"line":8,"column":23},"end":{"line":29,"column":3}},"line":8},"1":{"name":"(anonymous_1)","decl":{"start":{"line":11,"column":8},"end":{"line":11,"column":9}},"loc":{"start":{"line":11,"column":23},"end":{"line":26,"column":9}},"line":11},"2":{"name":"(anonymous_2)","decl":{"start":{"line":15,"column":17},"end":{"line":15,"column":18}},"loc":{"start":{"line":15,"column":27},"end":{"line":15,"column":60}},"line":15},"3":{"name":"(anonymous_3)","decl":{"start":{"line":18,"column":25},"end":{"line":18,"column":26}},"loc":{"start":{"line":18,"column":42},"end":{"line":24,"column":13}},"line":18},"4":{"name":"(anonymous_4)","decl":{"start":{"line":31,"column":2},"end":{"line":31,"column":3}},"loc":{"start":{"line":31,"column":35},"end":{"line":39,"column":3}},"line":31},"5":{"name":"(anonymous_5)","decl":{"start":{"line":41,"column":2},"end":{"line":41,"column":3}},"loc":{"start":{"line":41,"column":44},"end":{"line":51,"column":3}},"line":41},"6":{"name":"(anonymous_6)","decl":{"start":{"line":53,"column":2},"end":{"line":53,"column":3}},"loc":{"start":{"line":53,"column":30},"end":{"line":56,"column":3}},"line":53},"7":{"name":"(anonymous_7)","decl":{"start":{"line":58,"column":2},"end":{"line":58,"column":3}},"loc":{"start":{"line":58,"column":37},"end":{"line":63,"column":3}},"line":58}},"branchMap":{"0":{"loc":{"start":{"line":21,"column":14},"end":{"line":21,"column":39}},"type":"if","locations":[{"start":{"line":21,"column":14},"end":{"line":21,"column":39}},{"start":{"line":21,"column":14},"end":{"line":21,"column":39}}],"line":21},"1":{"loc":{"start":{"line":31,"column":23},"end":{"line":31,"column":33}},"type":"default-arg","locations":[{"start":{"line":31,"column":32},"end":{"line":31,"column":33}}],"line":31},"2":{"loc":{"start":{"line":41,"column":32},"end":{"line":41,"column":42}},"type":"default-arg","locations":[{"start":{"line":41,"column":41},"end":{"line":41,"column":42}}],"line":41}},"s":{"0":20,"1":20,"2":40,"3":40,"4":400,"5":40,"6":400,"7":380,"8":380,"9":0,"10":21,"11":20,"12":5,"13":5,"14":18,"15":4},"f":{"0":20,"1":40,"2":400,"3":400,"4":21,"5":5,"6":18,"7":4},"b":{"0":[380,0],"1":[0],"2":[0]},"_coverageSchema":"1a1c01bbd47fc00a2c39e90264f33305004495a9","hash":"3511b3cad0a0077b62029ee03b1c58315be868e3"}
,"C:\\Users\\cassi\\Desktop\\dev\\vue-exam\\src\\services\\api.js": {"path":"C:\\Users\\cassi\\Desktop\\dev\\vue-exam\\src\\services\\api.js","statementMap":{"0":{"start":{"line":3,"column":12},"end":{"line":5,"column":2}},"1":{"start":{"line":7,"column":0},"end":{"line":11,"column":2}},"2":{"start":{"line":8,"column":2},"end":{"line":8,"column":67}},"3":{"start":{"line":10,"column":2},"end":{"line":10,"column":15}}},"fnMap":{"0":{"name":"(anonymous_0)","decl":{"start":{"line":7,"column":29},"end":{"line":7,"column":30}},"loc":{"start":{"line":7,"column":39},"end":{"line":11,"column":1}},"line":7}},"branchMap":{},"s":{"0":20,"1":20,"2":40,"3":40},"f":{"0":40},"b":{},"_coverageSchema":"1a1c01bbd47fc00a2c39e90264f33305004495a9","hash":"0b7065167afddbfdfb7b6127136370b4519ac838"}
,"C:\\Users\\cassi\\Desktop\\dev\\vue-exam\\src\\services\\dexie.js": {"path":"C:\\Users\\cassi\\Desktop\\dev\\vue-exam\\src\\services\\dexie.js","statementMap":{"0":{"start":{"line":3,"column":11},"end":{"line":3,"column":71}},"1":{"start":{"line":5,"column":0},"end":{"line":7,"column":2}},"2":{"start":{"line":9,"column":0},"end":{"line":9,"column":9}}},"fnMap":{},"branchMap":{"0":{"loc":{"start":{"line":3,"column":21},"end":{"line":3,"column":70}},"type":"binary-expr","locations":[{"start":{"line":3,"column":21},"end":{"line":3,"column":49}},{"start":{"line":3,"column":53},"end":{"line":3,"column":70}}],"line":3}},"s":{"0":20,"1":20,"2":20},"f":{},"b":{"0":[20,0]},"_coverageSchema":"1a1c01bbd47fc00a2c39e90264f33305004495a9","hash":"b3e389019d25aca42ba7837bc0e5b7c1f4893fcb"}
,"C:\\Users\\cassi\\Desktop\\dev\\vue-exam\\src\\store\\index.js": {"path":"C:\\Users\\cassi\\Desktop\\dev\\vue-exam\\src\\store\\index.js","statementMap":{"0":{"start":{"line":16,"column":6},"end":{"line":16,"column":63}},"1":{"start":{"line":19,"column":6},"end":{"line":19,"column":54}},"2":{"start":{"line":25,"column":6},"end":{"line":25,"column":35}},"3":{"start":{"line":28,"column":6},"end":{"line":28,"column":56}},"4":{"start":{"line":31,"column":6},"end":{"line":31,"column":50}},"5":{"start":{"line":34,"column":6},"end":{"line":34,"column":30}},"6":{"start":{"line":40,"column":6},"end":{"line":40,"column":52}},"7":{"start":{"line":43,"column":27},"end":{"line":43,"column":32}},"8":{"start":{"line":45,"column":26},"end":{"line":45,"column":74}},"9":{"start":{"line":47,"column":6},"end":{"line":47,"column":83}},"10":{"start":{"line":50,"column":31},"end":{"line":50,"column":59}},"11":{"start":{"line":52,"column":6},"end":{"line":52,"column":55}},"12":{"start":{"line":55,"column":27},"end":{"line":55,"column":32}},"13":{"start":{"line":57,"column":28},"end":{"line":57,"column":88}},"14":{"start":{"line":59,"column":6},"end":{"line":59,"column":92}},"15":{"start":{"line":62,"column":33},"end":{"line":62,"column":68}},"16":{"start":{"line":64,"column":6},"end":{"line":64,"column":61}},"17":{"start":{"line":67,"column":6},"end":{"line":73,"column":7}},"18":{"start":{"line":68,"column":8},"end":{"line":68,"column":39}},"19":{"start":{"line":69,"column":8},"end":{"line":69,"column":29}},"20":{"start":{"line":70,"column":8},"end":{"line":70,"column":40}},"21":{"start":{"line":72,"column":8},"end":{"line":72,"column":40}}},"fnMap":{"0":{"name":"(anonymous_0)","decl":{"start":{"line":15,"column":4},"end":{"line":15,"column":5}},"loc":{"start":{"line":15,"column":29},"end":{"line":17,"column":5}},"line":15},"1":{"name":"(anonymous_1)","decl":{"start":{"line":18,"column":4},"end":{"line":18,"column":5}},"loc":{"start":{"line":18,"column":34},"end":{"line":20,"column":5}},"line":18},"2":{"name":"(anonymous_2)","decl":{"start":{"line":24,"column":27},"end":{"line":24,"column":28}},"loc":{"start":{"line":24,"column":47},"end":{"line":26,"column":5}},"line":24},"3":{"name":"(anonymous_3)","decl":{"start":{"line":27,"column":21},"end":{"line":27,"column":22}},"loc":{"start":{"line":27,"column":41},"end":{"line":29,"column":5}},"line":27},"4":{"name":"(anonymous_4)","decl":{"start":{"line":30,"column":18},"end":{"line":30,"column":19}},"loc":{"start":{"line":30,"column":38},"end":{"line":32,"column":5}},"line":30},"5":{"name":"(anonymous_5)","decl":{"start":{"line":33,"column":21},"end":{"line":33,"column":22}},"loc":{"start":{"line":33,"column":41},"end":{"line":35,"column":5}},"line":33},"6":{"name":"(anonymous_6)","decl":{"start":{"line":39,"column":4},"end":{"line":39,"column":5}},"loc":{"start":{"line":39,"column":44},"end":{"line":41,"column":5}},"line":39},"7":{"name":"(anonymous_7)","decl":{"start":{"line":42,"column":4},"end":{"line":42,"column":5}},"loc":{"start":{"line":42,"column":45},"end":{"line":48,"column":5}},"line":42},"8":{"name":"(anonymous_8)","decl":{"start":{"line":49,"column":4},"end":{"line":49,"column":5}},"loc":{"start":{"line":49,"column":43},"end":{"line":53,"column":5}},"line":49},"9":{"name":"(anonymous_9)","decl":{"start":{"line":54,"column":4},"end":{"line":54,"column":5}},"loc":{"start":{"line":54,"column":54},"end":{"line":60,"column":5}},"line":54},"10":{"name":"(anonymous_10)","decl":{"start":{"line":61,"column":4},"end":{"line":61,"column":5}},"loc":{"start":{"line":61,"column":52},"end":{"line":65,"column":5}},"line":61},"11":{"name":"(anonymous_11)","decl":{"start":{"line":66,"column":4},"end":{"line":66,"column":5}},"loc":{"start":{"line":66,"column":28},"end":{"line":74,"column":5}},"line":66}},"branchMap":{"0":{"loc":{"start":{"line":16,"column":13},"end":{"line":16,"column":63}},"type":"binary-expr","locations":[{"start":{"line":16,"column":13},"end":{"line":16,"column":57}},{"start":{"line":16,"column":61},"end":{"line":16,"column":63}}],"line":16},"1":{"loc":{"start":{"line":16,"column":28},"end":{"line":16,"column":56}},"type":"binary-expr","locations":[{"start":{"line":16,"column":28},"end":{"line":16,"column":47}},{"start":{"line":16,"column":51},"end":{"line":16,"column":56}}],"line":16},"2":{"loc":{"start":{"line":19,"column":25},"end":{"line":19,"column":53}},"type":"binary-expr","locations":[{"start":{"line":19,"column":25},"end":{"line":19,"column":44}},{"start":{"line":19,"column":48},"end":{"line":19,"column":53}}],"line":19},"3":{"loc":{"start":{"line":40,"column":38},"end":{"line":40,"column":51}},"type":"binary-expr","locations":[{"start":{"line":40,"column":38},"end":{"line":40,"column":43}},{"start":{"line":40,"column":47},"end":{"line":40,"column":51}}],"line":40},"4":{"loc":{"start":{"line":45,"column":48},"end":{"line":45,"column":73}},"type":"binary-expr","locations":[{"start":{"line":45,"column":48},"end":{"line":45,"column":68}},{"start":{"line":45,"column":72},"end":{"line":45,"column":73}}],"line":45},"5":{"loc":{"start":{"line":47,"column":44},"end":{"line":47,"column":62}},"type":"binary-expr","locations":[{"start":{"line":47,"column":44},"end":{"line":47,"column":56}},{"start":{"line":47,"column":60},"end":{"line":47,"column":62}}],"line":47},"6":{"loc":{"start":{"line":57,"column":59},"end":{"line":57,"column":87}},"type":"binary-expr","locations":[{"start":{"line":57,"column":59},"end":{"line":57,"column":82}},{"start":{"line":57,"column":86},"end":{"line":57,"column":87}}],"line":57},"7":{"loc":{"start":{"line":59,"column":48},"end":{"line":59,"column":69}},"type":"binary-expr","locations":[{"start":{"line":59,"column":48},"end":{"line":59,"column":63}},{"start":{"line":59,"column":67},"end":{"line":59,"column":69}}],"line":59}},"s":{"0":48,"1":45,"2":23,"3":25,"4":22,"5":39,"6":23,"7":21,"8":21,"9":20,"10":18,"11":18,"12":5,"13":5,"14":5,"15":4,"16":4,"17":20,"18":20,"19":20,"20":19,"21":0},"f":{"0":48,"1":45,"2":23,"3":25,"4":22,"5":39,"6":23,"7":21,"8":18,"9":5,"10":4,"11":20},"b":{"0":[48,23],"1":[48,38],"2":[45,36],"3":[23,18],"4":[21,18],"5":[20,17],"6":[5,4],"7":[5,4]},"_coverageSchema":"1a1c01bbd47fc00a2c39e90264f33305004495a9","hash":"bc2c82e26828ed5bed41ea84b2d9a51ab8e9e225"}
,"C:\\Users\\cassi\\Desktop\\dev\\vue-exam\\src\\views\\News.vue": {"path":"C:\\Users\\cassi\\Desktop\\dev\\vue-exam\\src\\views\\News.vue","statementMap":{"0":{"start":{"line":46,"column":4},"end":{"line":46,"column":null}},"1":{"start":{"line":48,"column":4},"end":{"line":52,"column":null}},"2":{"start":{"line":49,"column":12},"end":{"line":49,"column":36}},"3":{"start":{"line":50,"column":17},"end":{"line":50,"column":48}},"4":{"start":{"line":54,"column":4},"end":{"line":67,"column":null}},"5":{"start":{"line":55,"column":12},"end":{"line":55,"column":47}},"6":{"start":{"line":57,"column":8},"end":{"line":65,"column":null}},"7":{"start":{"line":58,"column":10},"end":{"line":64,"column":null}},"8":{"start":{"line":59,"column":12},"end":{"line":59,"column":null}},"9":{"start":{"line":60,"column":12},"end":{"line":60,"column":null}},"10":{"start":{"line":62,"column":12},"end":{"line":62,"column":null}},"11":{"start":{"line":63,"column":12},"end":{"line":63,"column":null}}},"fnMap":{"0":{"name":"(anonymous_0)","decl":{"start":{"line":45,"column":2},"end":{"line":45,"column":3}},"loc":{"start":{"line":45,"column":13},"end":{"line":68,"column":3}}},"1":{"name":"(anonymous_1)","decl":{"start":{"line":49,"column":6},"end":{"line":49,"column":7}},"loc":{"start":{"line":49,"column":12},"end":{"line":49,"column":36}}},"2":{"name":"(anonymous_2)","decl":{"start":{"line":50,"column":6},"end":{"line":50,"column":7}},"loc":{"start":{"line":50,"column":17},"end":{"line":50,"column":48}}},"3":{"name":"(anonymous_3)","decl":{"start":{"line":55,"column":6},"end":{"line":55,"column":7}},"loc":{"start":{"line":55,"column":12},"end":{"line":55,"column":47}}},"4":{"name":"(anonymous_4)","decl":{"start":{"line":56,"column":6},"end":{"line":56,"column":7}},"loc":{"start":{"line":56,"column":12},"end":{"line":66,"column":7}}}},"branchMap":{"0":{"loc":{"start":{"line":57,"column":8},"end":{"line":65,"column":null}},"type":"if","locations":[{"start":{"line":57,"column":8},"end":{"line":65,"column":null}},{"start":{"line":57,"column":8},"end":{"line":65,"column":null}}]},"1":{"loc":{"start":{"line":57,"column":12},"end":{"line":57,"column":27}},"type":"binary-expr","locations":[{"start":{"line":57,"column":12},"end":{"line":57,"column":27}},{"start":{"line":57,"column":30},"end":{"line":57,"column":73}}]},"2":{"loc":{"start":{"line":57,"column":45},"end":{"line":57,"column":64}},"type":"binary-expr","locations":[{"start":{"line":57,"column":45},"end":{"line":57,"column":64}},{"start":{"line":57,"column":67},"end":{"line":57,"column":72}}]},"3":{"loc":{"start":{"line":58,"column":10},"end":{"line":64,"column":null}},"type":"if","locations":[{"start":{"line":58,"column":10},"end":{"line":64,"column":null}},{"start":{"line":58,"column":10},"end":{"line":64,"column":null}}]}},"s":{"0":20,"1":20,"2":23,"3":23,"4":20,"5":42,"6":42,"7":22,"8":4,"9":4,"10":18,"11":18},"f":{"0":20,"1":23,"2":23,"3":42,"4":42},"b":{"0":[22,20],"1":[42,22],"2":[22,18],"3":[4,18]}}
}
