TN:
SF:src\main.js
FNF:0
FNH:0
DA:9,20
LF:1
LH:1
BRF:0
BRH:0
end_of_record
TN:
SF:src\assets\fonts.js
FNF:0
FNH:0
LF:0
LH:0
BRF:0
BRH:0
end_of_record
TN:
SF:src\assets\icons.js
FNF:0
FNH:0
DA:10,20
LF:1
LH:1
BRF:0
BRH:0
end_of_record
TN:
SF:src\components\atoms\AppModal.vue
FN:31,(anonymous_0)
FN:37,(anonymous_1)
FN:40,(anonymous_2)
FNF:3
FNH:3
FNDA:239,(anonymous_0)
FNDA:6,(anonymous_1)
FNDA:4,(anonymous_2)
DA:32,239
DA:38,6
DA:41,4
LF:3
LH:3
BRF:0
BRH:0
end_of_record
TN:
SF:src\components\molecules\ArticleListItem.vue
FN:41,(anonymous_0)
FN:44,(anonymous_1)
FNF:2
FNH:2
FNDA:243,(anonymous_0)
FNDA:243,(anonymous_1)
DA:42,243
DA:45,243
LF:2
LH:2
BRF:0
BRH:0
end_of_record
TN:
SF:src\components\molecules\ArticleListItemSkeleton.vue
FN:51,(anonymous_0)
FN:52,(anonymous_1)
FN:56,(anonymous_2)
FN:57,(anonymous_3)
FN:61,(anonymous_4)
FN:62,(anonymous_5)
FN:66,(anonymous_6)
FN:67,(anonymous_7)
FN:73,(anonymous_8)
FN:76,(anonymous_9)
FNF:10
FNH:10
FNDA:33,(anonymous_0)
FNDA:184,(anonymous_1)
FNDA:210,(anonymous_2)
FNDA:2037,(anonymous_3)
FNDA:210,(anonymous_4)
FNDA:12685,(anonymous_5)
FNDA:210,(anonymous_6)
FNDA:2130,(anonymous_7)
FNDA:18119,(anonymous_8)
FNDA:663,(anonymous_9)
DA:52,33
DA:53,184
DA:57,210
DA:58,2037
DA:62,210
DA:63,12685
DA:67,210
DA:68,2130
DA:74,18119
DA:77,663
LF:10
LH:10
BRF:0
BRH:0
end_of_record
TN:
SF:src\components\molecules\ArticleModal.vue
FN:77,(anonymous_0)
FN:80,(anonymous_1)
FNF:2
FNH:2
FNDA:6,(anonymous_0)
FNDA:6,(anonymous_1)
DA:78,6
DA:81,6
LF:2
LH:2
BRF:0
BRH:0
end_of_record
TN:
SF:src\components\molecules\NewsButtonReturnToTop.vue
FN:15,(anonymous_0)
FNF:1
FNH:1
FNDA:2,(anonymous_0)
DA:16,2
LF:1
LH:1
BRF:0
BRH:0
end_of_record
TN:
SF:src\components\organisms\ArticleList.vue
FN:70,(anonymous_0)
FN:71,(anonymous_1)
FN:89,(anonymous_2)
FN:90,(anonymous_3)
FNF:4
FNH:4
FNDA:20,(anonymous_0)
FNDA:50,(anonymous_1)
FNDA:23,(anonymous_2)
FNDA:23,(anonymous_3)
DA:71,20
DA:72,50
DA:73,50
DA:74,27
DA:75,4
DA:76,1
DA:78,3
DA:83,50
DA:84,5
DA:88,20
DA:89,23
DA:91,23
LF:12
LH:12
BRDA:73,0,0,27
BRDA:73,0,1,23
BRDA:74,1,0,4
BRDA:74,1,1,23
BRDA:75,2,0,1
BRDA:75,2,1,3
BRDA:83,3,0,5
BRDA:83,3,1,45
BRF:8
BRH:8
end_of_record
TN:
SF:src\models\Article.js
FN:5,(anonymous_0)
FN:19,(anonymous_1)
FN:22,(anonymous_2)
FN:42,(anonymous_3)
FNF:4
FNH:4
FNDA:649,(anonymous_0)
FNDA:1600,(anonymous_1)
FNDA:400,(anonymous_2)
FNDA:249,(anonymous_3)
DA:6,649
DA:7,649
DA:8,649
DA:9,649
DA:10,649
DA:11,649
DA:12,649
DA:13,649
DA:14,649
DA:15,649
DA:16,649
DA:18,649
DA:19,1600
DA:21,649
DA:22,400
DA:24,649
DA:43,249
LF:17
LH:17
BRDA:6,0,0,649
BRDA:6,0,1,400
BRDA:8,1,0,649
BRDA:8,1,1,400
BRDA:10,2,0,649
BRDA:10,2,1,400
BRDA:18,3,0,649
BRDA:18,3,1,400
BRDA:21,4,0,649
BRDA:21,4,1,400
BRDA:26,5,0,649
BRDA:26,5,1,400
BRDA:27,6,0,649
BRDA:27,6,1,400
BRDA:28,7,0,649
BRDA:28,7,1,400
BRDA:29,8,0,649
BRDA:29,8,1,400
BRDA:30,9,0,649
BRDA:30,9,1,400
BRDA:33,10,0,649
BRDA:33,10,1,400
BRDA:34,11,0,649
BRDA:34,11,1,400
BRDA:35,12,0,649
BRDA:35,12,1,400
BRDA:36,13,0,649
BRDA:36,13,1,400
BRDA:37,14,0,649
BRDA:37,14,1,400
BRDA:42,15,0,6
BRF:31
BRH:31
end_of_record
TN:
SF:src\router\index.js
FNF:0
FNH:0
DA:5,20
DA:18,20
LF:2
LH:2
BRF:0
BRH:0
end_of_record
TN:
SF:src\services\Articles.js
FN:8,(anonymous_0)
FN:11,(anonymous_1)
FN:15,(anonymous_2)
FN:18,(anonymous_3)
FN:31,(anonymous_4)
FN:41,(anonymous_5)
FN:53,(anonymous_6)
FN:58,(anonymous_7)
FNF:8
FNH:8
FNDA:20,(anonymous_0)
FNDA:40,(anonymous_1)
FNDA:400,(anonymous_2)
FNDA:400,(anonymous_3)
FNDA:21,(anonymous_4)
FNDA:5,(anonymous_5)
FNDA:18,(anonymous_6)
FNDA:4,(anonymous_7)
DA:6,20
DA:9,20
DA:12,40
DA:14,40
DA:15,400
DA:17,40
DA:19,400
DA:21,380
DA:23,0
DA:32,21
DA:38,20
DA:42,5
DA:50,5
DA:54,18
DA:59,4
LF:15
LH:14
BRDA:21,0,0,380
BRDA:21,0,1,0
BRDA:31,1,0,0
BRDA:41,2,0,0
BRF:4
BRH:1
end_of_record
TN:
SF:src\services\api.js
FN:7,(anonymous_0)
FNF:1
FNH:1
FNDA:40,(anonymous_0)
DA:3,20
DA:7,20
DA:8,40
DA:10,40
LF:4
LH:4
BRF:0
BRH:0
end_of_record
TN:
SF:src\services\dexie.js
FNF:0
FNH:0
DA:3,20
DA:5,20
DA:9,20
LF:3
LH:3
BRDA:3,0,0,20
BRDA:3,0,1,0
BRF:2
BRH:1
end_of_record
TN:
SF:src\store\index.js
FN:15,(anonymous_0)
FN:18,(anonymous_1)
FN:24,(anonymous_2)
FN:27,(anonymous_3)
FN:30,(anonymous_4)
FN:33,(anonymous_5)
FN:39,(anonymous_6)
FN:42,(anonymous_7)
FN:49,(anonymous_8)
FN:54,(anonymous_9)
FN:61,(anonymous_10)
FN:66,(anonymous_11)
FNF:12
FNH:12
FNDA:48,(anonymous_0)
FNDA:45,(anonymous_1)
FNDA:23,(anonymous_2)
FNDA:25,(anonymous_3)
FNDA:22,(anonymous_4)
FNDA:39,(anonymous_5)
FNDA:23,(anonymous_6)
FNDA:21,(anonymous_7)
FNDA:18,(anonymous_8)
FNDA:5,(anonymous_9)
FNDA:4,(anonymous_10)
FNDA:20,(anonymous_11)
DA:16,48
DA:19,45
DA:25,23
DA:28,25
DA:31,22
DA:34,39
DA:40,23
DA:43,21
DA:45,21
DA:47,20
DA:50,18
DA:52,18
DA:55,5
DA:57,5
DA:59,5
DA:62,4
DA:64,4
DA:67,20
DA:68,20
DA:69,20
DA:70,19
DA:72,0
LF:22
LH:21
BRDA:16,0,0,48
BRDA:16,0,1,23
BRDA:16,1,0,48
BRDA:16,1,1,38
BRDA:19,2,0,45
BRDA:19,2,1,36
BRDA:40,3,0,23
BRDA:40,3,1,18
BRDA:45,4,0,21
BRDA:45,4,1,18
BRDA:47,5,0,20
BRDA:47,5,1,17
BRDA:57,6,0,5
BRDA:57,6,1,4
BRDA:59,7,0,5
BRDA:59,7,1,4
BRF:16
BRH:16
end_of_record
TN:
SF:src\views\News.vue
FN:45,(anonymous_0)
FN:49,(anonymous_1)
FN:50,(anonymous_2)
FN:55,(anonymous_3)
FN:56,(anonymous_4)
FNF:5
FNH:5
FNDA:20,(anonymous_0)
FNDA:23,(anonymous_1)
FNDA:23,(anonymous_2)
FNDA:42,(anonymous_3)
FNDA:42,(anonymous_4)
DA:46,20
DA:48,20
DA:49,23
DA:50,23
DA:54,20
DA:55,42
DA:57,42
DA:58,22
DA:59,4
DA:60,4
DA:62,18
DA:63,18
LF:12
LH:12
BRDA:57,0,0,22
BRDA:57,0,1,20
BRDA:57,1,0,42
BRDA:57,1,1,22
BRDA:57,2,0,22
BRDA:57,2,1,18
BRDA:58,3,0,4
BRDA:58,3,1,18
BRF:8
BRH:8
end_of_record
